Full Potential Solver - Chapel Implmentation
GRID_FILENAME = ../MESHES/naca0012_129x129.cgns
START_FILENAME = 
ELEMENT_TYPE = QuadElements
OUTPUT_FILENAME = output/output.cgns
MACH = 0.8
ALPHA = 0.0
TEMPERATURE = 288.0
GAMMA = 1.4
CFL = 0.0
IT_MAX = 3000
X_REF = 0.25
Y_REF = 0.0
MU_C = 4.0
MACH_C = 0.95
Initializing temporal discretization...
Using ILU preconditioner for GMRES
T.E. node: 16322 at (1.00893, 0.0)
Upper T.E. face: 17157 elem: 64
Lower T.E. face: 27742 elem: 65
 Time: 0.059577 It: 1 res: 4.44585e-05 norm res: 1.0 res wall: 0.000109689 res fluid: 4.35589e-05 res wake: 2.99963e-05 Cl: 0.000434406 Cd: 0.0076545 Cm: -4.61369e-05 Circulation: 0.000234892 GMRES its: 50 reason: -3 omega: 1.0 LS its: 0
 Time: 0.095649 It: 2 res: 2.58287e-05 norm res: 0.580962 res wall: 6.30078e-05 res fluid: 2.53202e-05 res wake: 8.04868e-06 Cl: 0.000434955 Cd: 0.0067656 Cm: -6.80603e-05 Circulation: 0.00021839 GMRES its: 50 reason: -3 omega: 1.0 LS its: 0
 Time: 0.130879 It: 3 res: 1.86489e-05 norm res: 0.419468 res wall: 5.64384e-05 res fluid: 1.80399e-05 res wake: 3.87279e-06 Cl: 0.000339878 Cd: 0.00798198 Cm: -4.93607e-05 Circulation: 0.00016943 GMRES its: 50 reason: -3 omega: 1.0 LS its: 0
 Time: 0.16717 It: 4 res: 1.44526e-05 norm res: 0.325081 res wall: 4.82281e-05 res fluid: 1.38639e-05 res wake: 2.3492e-06 Cl: 0.000279802 Cd: 0.00877401 Cm: -2.1016e-05 Circulation: 0.000140072 GMRES its: 50 reason: -3 omega: 1.0 LS its: 0
 Time: 0.203178 It: 5 res: 1.17605e-05 norm res: 0.264529 res wall: 4.08884e-05 res fluid: 1.12354e-05 res wake: 1.61468e-06 Cl: 0.000231301 Cd: 0.00916829 Cm: -6.46794e-06 Circulation: 0.000115741 GMRES its: 50 reason: -3 omega: 1.0 LS its: 0
 Time: 0.23933 It: 6 res: 9.98683e-06 norm res: 0.224633 res wall: 3.49224e-05 res fluid: 9.53515e-06 res wake: 1.17793e-06 Cl: 0.000188777 Cd: 0.0093354 Cm: -2.71579e-06 Circulation: 9.39803e-05 GMRES its: 50 reason: -3 omega: 1.0 LS its: 0
 Time: 0.275161 It: 7 res: 8.87818e-06 norm res: 0.199696 res wall: 3.08297e-05 res fluid: 8.48284e-06 res wake: 8.50763e-07 Cl: 0.000167701 Cd: 0.00938144 Cm: 1.2069e-06 Circulation: 8.41669e-05 GMRES its: 50 reason: -3 omega: 1.0 LS its: 0
 Time: 0.311154 It: 8 res: 8.29779e-06 norm res: 0.186641 res wall: 2.8984e-05 res fluid: 7.92343e-06 res wake: 6.48281e-07 Cl: 0.000144767 Cd: 0.00937656 Cm: 4.54464e-07 Circulation: 7.24916e-05 GMRES its: 50 reason: -3 omega: 1.0 LS its: 0
 Time: 0.347343 It: 9 res: 8.20896e-06 norm res: 0.184643 res wall: 2.95554e-05 res fluid: 7.81278e-06 res wake: 4.76566e-07 Cl: 0.000133577 Cd: 0.00936316 Cm: 4.44586e-07 Circulation: 6.7283e-05 GMRES its: 50 reason: -3 omega: 1.0 LS its: 0
 Time: 0.383414 It: 10 res: 8.62766e-06 norm res: 0.194061 res wall: 3.30495e-05 res fluid: 8.14997e-06 res wake: 3.62561e-07 Cl: 0.000123493 Cd: 0.00936471 Cm: -5.05355e-07 Circulation: 6.23649e-05 GMRES its: 50 reason: -3 omega: 1.0 LS its: 0
 Time: 0.419612 It: 11 res: 9.63564e-06 norm res: 0.216733 res wall: 4.00239e-05 res fluid: 8.99795e-06 res wake: 2.83354e-07 Cl: 0.000114768 Cd: 0.00939156 Cm: -1.6705e-06 Circulation: 5.8035e-05 GMRES its: 50 reason: -3 omega: 1.0 LS its: 0
 Time: 0.455591 It: 12 res: 1.14029e-05 norm res: 0.256485 res wall: 5.17123e-05 res fluid: 1.04878e-05 res wake: 2.27779e-07 Cl: 0.000106978 Cd: 0.00944665 Cm: -2.77303e-06 Circulation: 5.41411e-05 GMRES its: 50 reason: -3 omega: 1.0 LS its: 0
 Time: 0.492124 It: 13 res: 1.25162e-05 norm res: 0.281526 res wall: 5.88354e-05 res fluid: 1.14295e-05 res wake: 2.08529e-07 Cl: 0.00010338 Cd: 0.00949063 Cm: -3.21411e-06 Circulation: 5.23318e-05 GMRES its: 50 reason: -3 omega: 0.5 LS its: 1
 Time: 0.528898 It: 14 res: 1.38487e-05 norm res: 0.311497 res wall: 6.72642e-05 res fluid: 1.25567e-05 res wake: 1.90041e-07 Cl: 0.000101172 Cd: 0.0095405 Cm: -3.44492e-06 Circulation: 5.12458e-05 GMRES its: 50 reason: -3 omega: 0.5 LS its: 1
 Time: 0.565269 It: 15 res: 1.54185e-05 norm res: 0.346807 res wall: 7.70965e-05 res fluid: 1.38853e-05 res wake: 1.7786e-07 Cl: 9.78097e-05 Cd: 0.00959696 Cm: -3.8544e-06 Circulation: 4.95346e-05 GMRES its: 50 reason: -3 omega: 0.5 LS its: 1
 Time: 0.601954 It: 16 res: 1.7223e-05 norm res: 0.387394 res wall: 8.82236e-05 res fluid: 1.54168e-05 res wake: 1.67219e-07 Cl: 9.46995e-05 Cd: 0.00966086 Cm: -4.2471e-06 Circulation: 4.79431e-05 GMRES its: 50 reason: -3 omega: 0.5 LS its: 1
 Time: 0.638642 It: 17 res: 1.92354e-05 norm res: 0.432661 res wall: 0.000100491 res fluid: 1.71289e-05 res wake: 1.58115e-07 Cl: 9.18445e-05 Cd: 0.00973105 Cm: -4.63432e-06 Circulation: 4.6468e-05 GMRES its: 50 reason: -3 omega: 0.5 LS its: 1
 Time: 0.677105 It: 18 res: 2.15523e-05 norm res: 0.484775 res wall: 0.000115362 res fluid: 1.90623e-05 res wake: 1.50431e-07 Cl: 8.92022e-05 Cd: 0.00980717 Cm: -5.01036e-06 Circulation: 4.50849e-05 GMRES its: 50 reason: -3 omega: 0.5 LS its: 1
 Time: 0.714897 It: 19 res: 2.42316e-05 norm res: 0.545039 res wall: 0.000132758 res fluid: 2.12842e-05 res wake: 1.44929e-07 Cl: 8.6824e-05 Cd: 0.00988705 Cm: -5.36186e-06 Circulation: 4.38232e-05 GMRES its: 50 reason: -3 omega: 0.5 LS its: 1
 Time: 0.751645 It: 20 res: 2.67578e-05 norm res: 0.601862 res wall: 0.000146295 res fluid: 2.3518e-05 res wake: 1.40731e-07 Cl: 8.46684e-05 Cd: 0.00997067 Cm: -5.68645e-06 Circulation: 4.26647e-05 GMRES its: 50 reason: -3 omega: 0.5 LS its: 1
 Time: 0.788029 It: 21 res: 2.8584e-05 norm res: 0.642938 res wall: 0.000152977 res fluid: 2.52826e-05 res wake: 1.38144e-07 Cl: 8.26286e-05 Cd: 0.0100572 Cm: -5.95921e-06 Circulation: 4.15628e-05 GMRES its: 50 reason: -3 omega: 0.5 LS its: 1
 Time: 0.824209 It: 22 res: 3.08045e-05 norm res: 0.692883 res wall: 0.000169788 res fluid: 2.70074e-05 res wake: 1.36314e-07 Cl: 8.06406e-05 Cd: 0.0101461 Cm: -6.17355e-06 Circulation: 4.04876e-05 GMRES its: 50 reason: -3 omega: 0.5 LS its: 1
 Time: 0.854341 It: 23 res: 3.50776e-05 norm res: 0.788997 res wall: 0.000204655 res fluid: 3.01717e-05 res wake: 1.39438e-07 Cl: 7.66615e-05 Cd: 0.0102364 Cm: -6.31184e-06 Circulation: 3.83434e-05 GMRES its: 50 reason: -3 omega: 0.5 LS its: 1
 Time: 0.877066 It: 24 res: 4.01051e-05 norm res: 0.902081 res wall: 0.00023373 res fluid: 3.45099e-05 res wake: 1.35186e-07 Cl: 7.51454e-05 Cd: 0.0103269 Cm: -6.41137e-06 Circulation: 3.75163e-05 GMRES its: 50 reason: -3 omega: 0.5 LS its: 1
 Time: 0.899032 It: 25 res: 4.64567e-05 norm res: 1.04495 res wall: 0.000220263 res fluid: 4.23462e-05 res wake: 1.31815e-07 Cl: 7.25255e-05 Cd: 0.0105062 Cm: -6.38839e-06 Circulation: 3.61028e-05 GMRES its: 50 reason: -3 omega: 1.0 LS its: 0
 Time: 0.921449 It: 26 res: 4.32317e-05 norm res: 0.972407 res wall: 0.000222136 res fluid: 3.86673e-05 res wake: 1.41882e-07 Cl: 7.21178e-05 Cd: 0.0106764 Cm: -5.79103e-06 Circulation: 3.59562e-05 GMRES its: 50 reason: -3 omega: 1.0 LS its: 0
 Time: 0.944837 It: 27 res: 4.60863e-05 norm res: 1.03661 res wall: 0.000274262 res fluid: 3.93495e-05 res wake: 1.55908e-07 Cl: 7.38341e-05 Cd: 0.0107447 Cm: -5.1502e-06 Circulation: 3.67991e-05 GMRES its: 50 reason: -3 omega: 0.5 LS its: 1
 Time: 0.967845 It: 28 res: 5.04598e-05 norm res: 1.13499 res wall: 0.000304381 res fluid: 4.28571e-05 res wake: 1.71344e-07 Cl: 7.55277e-05 Cd: 0.0108068 Cm: -4.62573e-06 Circulation: 3.75722e-05 GMRES its: 50 reason: -3 omega: 0.5 LS its: 1
 Time: 0.990056 It: 29 res: 5.80276e-05 norm res: 1.30521 res wall: 0.000295361 res fluid: 5.2027e-05 res wake: 1.74892e-07 Cl: 7.35299e-05 Cd: 0.0109497 Cm: -3.71815e-06 Circulation: 3.63039e-05 GMRES its: 50 reason: -3 omega: 1.0 LS its: 0
 Time: 1.01195 It: 30 res: 4.8184e-05 norm res: 1.0838 res wall: 0.000141128 res fluid: 4.67242e-05 res wake: 1.68362e-07 Cl: 6.18677e-05 Cd: 0.0110947 Cm: -2.08485e-06 Circulation: 3.04613e-05 GMRES its: 50 reason: -3 omega: 1.0 LS its: 0
 Time: 1.03454 It: 31 res: 4.10514e-05 norm res: 0.923364 res wall: 0.000182487 res fluid: 3.78981e-05 res wake: 1.47028e-07 Cl: 5.99405e-05 Cd: 0.0112067 Cm: -1.00707e-06 Circulation: 2.9679e-05 GMRES its: 50 reason: -3 omega: 1.0 LS its: 0
 Time: 1.05649 It: 32 res: 4.19731e-05 norm res: 0.944098 res wall: 0.0002287 res fluid: 3.69293e-05 res wake: 1.40886e-07 Cl: 5.86284e-05 Cd: 0.0112838 Cm: -3.31432e-07 Circulation: 2.89637e-05 GMRES its: 50 reason: -3 omega: 1.0 LS its: 0
 Time: 1.07808 It: 33 res: 4.18914e-05 norm res: 0.94226 res wall: 0.00021898 res fluid: 3.72979e-05 res wake: 1.40603e-07 Cl: 5.65913e-05 Cd: 0.0113403 Cm: -3.87567e-07 Circulation: 2.78356e-05 GMRES its: 50 reason: -3 omega: 1.0 LS its: 0
 Time: 1.10025 It: 34 res: 3.89152e-05 norm res: 0.875316 res wall: 0.000180173 res fluid: 3.5647e-05 res wake: 1.37287e-07 Cl: 4.90253e-05 Cd: 0.0114122 Cm: 5.23966e-08 Circulation: 2.39979e-05 GMRES its: 50 reason: -3 omega: 1.0 LS its: 0
 Time: 1.12241 It: 35 res: 3.309e-05 norm res: 0.74429 res wall: 0.000121462 res fluid: 3.1423e-05 res wake: 1.19561e-07 Cl: 4.05447e-05 Cd: 0.0114693 Cm: 2.32111e-07 Circulation: 1.98062e-05 GMRES its: 50 reason: -3 omega: 1.0 LS its: 0
 Time: 1.1441 It: 36 res: 2.59132e-05 norm res: 0.582863 res wall: 5.60582e-05 res fluid: 2.5535e-05 res wake: 1.2403e-07 Cl: 2.75758e-05 Cd: 0.0115137 Cm: 9.59929e-07 Circulation: 1.33075e-05 GMRES its: 50 reason: -3 omega: 1.0 LS its: 0
 Time: 1.16597 It: 37 res: 2.01447e-05 norm res: 0.453112 res wall: 4.68545e-05 res fluid: 1.97918e-05 res wake: 3.44487e-08 Cl: 2.74466e-05 Cd: 0.0115216 Cm: -3.63705e-07 Circulation: 1.35223e-05 GMRES its: 50 reason: -3 omega: 1.0 LS its: 0
 Time: 1.18742 It: 38 res: 1.63501e-05 norm res: 0.367761 res wall: 5.76216e-05 res fluid: 1.55977e-05 res wake: 3.18358e-08 Cl: 2.45535e-05 Cd: 0.0115229 Cm: -5.7469e-07 Circulation: 1.21022e-05 GMRES its: 50 reason: -3 omega: 1.0 LS its: 0
 Time: 1.20931 It: 39 res: 1.36222e-05 norm res: 0.306403 res wall: 5.82075e-05 res fluid: 1.26628e-05 res wake: 2.136e-08 Cl: 2.29988e-05 Cd: 0.0115174 Cm: -9.5094e-07 Circulation: 1.13566e-05 GMRES its: 50 reason: -3 omega: 1.0 LS its: 0
 Time: 1.23157 It: 40 res: 1.13285e-05 norm res: 0.254811 res wall: 5.25594e-05 res fluid: 1.03727e-05 res wake: 1.90739e-08 Cl: 2.1346e-05 Cd: 0.0115089 Cm: -1.24091e-06 Circulation: 1.05401e-05 GMRES its: 50 reason: -3 omega: 1.0 LS its: 0
 Time: 1.25354 It: 41 res: 9.36289e-06 norm res: 0.210599 res wall: 4.46393e-05 res fluid: 8.5243e-06 res wake: 1.84602e-08 Cl: 1.97352e-05 Cd: 0.0115005 Cm: -1.43473e-06 Circulation: 9.73989e-06 GMRES its: 50 reason: -3 omega: 1.0 LS its: 0
 Time: 1.27538 It: 42 res: 7.61804e-06 norm res: 0.171352 res wall: 3.62682e-05 res fluid: 6.93788e-06 res wake: 1.79103e-08 Cl: 1.80307e-05 Cd: 0.0114918 Cm: -1.52607e-06 Circulation: 8.89014e-06 GMRES its: 50 reason: -3 omega: 1.0 LS its: 0
 Time: 1.29698 It: 43 res: 6.07546e-06 norm res: 0.136655 res wall: 2.82839e-05 res fluid: 5.55903e-06 res wake: 1.09244e-08 Cl: 1.76594e-05 Cd: 0.0114834 Cm: -1.53686e-06 Circulation: 8.74761e-06 GMRES its: 50 reason: -3 omega: 1.0 LS its: 0
 Time: 1.31875 It: 44 res: 4.74488e-06 norm res: 0.106726 res wall: 2.11484e-05 res fluid: 4.37829e-06 res wake: 1.63958e-08 Cl: 1.58486e-05 Cd: 0.0114755 Cm: -1.50736e-06 Circulation: 7.82895e-06 GMRES its: 50 reason: -3 omega: 1.0 LS its: 0
 Time: 1.34072 It: 45 res: 3.63001e-06 norm res: 0.0816495 res wall: 1.50263e-05 res fluid: 3.39159e-06 res wake: 1.6135e-08 Cl: 1.42478e-05 Cd: 0.0114683 Cm: -1.45738e-06 Circulation: 7.0314e-06 GMRES its: 50 reason: -3 omega: 1.0 LS its: 0
 Time: 1.36263 It: 46 res: 2.73074e-06 norm res: 0.0614223 res wall: 9.99184e-06 res fluid: 2.59414e-06 res wake: 1.54425e-08 Cl: 1.27331e-05 Cd: 0.0114618 Cm: -1.37793e-06 Circulation: 6.27491e-06 GMRES its: 50 reason: -3 omega: 1.0 LS its: 0
 Time: 1.38479 It: 47 res: 2.04677e-06 norm res: 0.0460379 res wall: 6.17241e-06 res fluid: 1.98047e-06 res wake: 1.47916e-08 Cl: 1.1271e-05 Cd: 0.0114557 Cm: -1.28736e-06 Circulation: 5.54251e-06 GMRES its: 50 reason: -3 omega: 1.0 LS its: 0
 Time: 1.40676 It: 48 res: 1.57102e-06 norm res: 0.0353367 res wall: 3.79876e-06 res fluid: 1.54075e-06 res wake: 1.43164e-08 Cl: 9.86702e-06 Cd: 0.0114499 Cm: -1.19411e-06 Circulation: 4.83986e-06 GMRES its: 50 reason: -3 omega: 1.0 LS its: 0
 Time: 1.4286 It: 49 res: 1.28483e-06 norm res: 0.0288996 res wall: 3.26499e-06 res fluid: 1.25692e-06 res wake: 1.37429e-08 Cl: 8.54879e-06 Cd: 0.0114444 Cm: -1.10999e-06 Circulation: 4.18357e-06 GMRES its: 50 reason: -3 omega: 1.0 LS its: 0
 Time: 1.45035 It: 50 res: 1.14748e-06 norm res: 0.0258101 res wall: 3.93325e-06 res fluid: 1.09784e-06 res wake: 1.29573e-08 Cl: 7.35128e-06 Cd: 0.0114394 Cm: -1.03789e-06 Circulation: 3.59134e-06 GMRES its: 50 reason: -3 omega: 1.0 LS its: 0
 Time: 1.47221 It: 51 res: 1.10011e-06 norm res: 0.0247447 res wall: 4.74513e-06 res fluid: 1.02102e-06 res wake: 1.18628e-08 Cl: 6.30822e-06 Cd: 0.0114348 Cm: -9.73706e-07 Circulation: 3.07785e-06 GMRES its: 50 reason: -3 omega: 1.0 LS its: 0
 Time: 1.49396 It: 52 res: 1.08947e-06 norm res: 0.0245054 res wall: 5.34911e-06 res fluid: 9.85392e-07 res wake: 1.07969e-08 Cl: 5.38664e-06 Cd: 0.0114308 Cm: -9.06532e-07 Circulation: 2.62278e-06 GMRES its: 50 reason: -3 omega: 1.0 LS its: 0
 Time: 1.51542 It: 53 res: 1.08315e-06 norm res: 0.0243631 res wall: 5.7023e-06 res fluid: 9.62503e-07 res wake: 9.76882e-09 Cl: 4.57459e-06 Cd: 0.0114273 Cm: -8.34287e-07 Circulation: 2.22052e-06 GMRES its: 50 reason: -3 omega: 1.0 LS its: 0
 Time: 1.53782 It: 54 res: 1.06647e-06 norm res: 0.0239881 res wall: 5.8337e-06 res fluid: 9.37204e-07 res wake: 8.62355e-09 Cl: 3.87453e-06 Cd: 0.0114244 Cm: -7.60269e-07 Circulation: 1.87404e-06 GMRES its: 50 reason: -3 omega: 1.0 LS its: 0
 Time: 1.55954 It: 55 res: 1.03547e-06 norm res: 0.0232908 res wall: 5.78676e-06 res fluid: 9.03867e-07 res wake: 7.54046e-09 Cl: 3.26716e-06 Cd: 0.0114219 Cm: -6.84189e-07 Circulation: 1.57448e-06 GMRES its: 50 reason: -3 omega: 1.0 LS its: 0
 Time: 1.58152 It: 56 res: 9.91067e-07 norm res: 0.022292 res wall: 5.60776e-06 res fluid: 8.61588e-07 res wake: 6.52282e-09 Cl: 2.7426e-06 Cd: 0.0114199 Cm: -6.08483e-07 Circulation: 1.31678e-06 GMRES its: 50 reason: -3 omega: 1.0 LS its: 0
 Time: 1.60374 It: 57 res: 9.35597e-07 norm res: 0.0210443 res wall: 5.33119e-06 res fluid: 8.11444e-07 res wake: 5.57647e-09 Cl: 2.29052e-06 Cd: 0.0114183 Cm: -5.3359e-07 Circulation: 1.09575e-06 GMRES its: 50 reason: -3 omega: 1.0 LS its: 0
 Time: 1.6259 It: 58 res: 8.71671e-07 norm res: 0.0196064 res wall: 4.98464e-06 res fluid: 7.55083e-07 res wake: 4.8161e-09 Cl: 1.88502e-06 Cd: 0.0114171 Cm: -4.58362e-07 Circulation: 8.98099e-07 GMRES its: 50 reason: -3 omega: 1.0 LS its: 0
 Time: 1.64779 It: 59 res: 8.02001e-07 norm res: 0.0180393 res wall: 4.59073e-06 res fluid: 6.94497e-07 res wake: 4.25907e-09 Cl: 1.51119e-06 Cd: 0.0114161 Cm: -3.78835e-07 Circulation: 7.16453e-07 GMRES its: 50 reason: -3 omega: 1.0 LS its: 0
 Time: 1.66974 It: 60 res: 7.29002e-07 norm res: 0.0163974 res wall: 4.16868e-06 res fluid: 6.31502e-07 res wake: 3.64155e-09 Cl: 1.16877e-06 Cd: 0.0114154 Cm: -2.8795e-07 Circulation: 5.51793e-07 GMRES its: 50 reason: -3 omega: 1.0 LS its: 0
 Time: 1.69132 It: 61 res: 6.54835e-07 norm res: 0.0147291 res wall: 3.73433e-06 res fluid: 5.67786e-07 res wake: 3.12715e-09 Cl: 8.51469e-07 Cd: 0.011415 Cm: -1.99204e-07 Circulation: 3.9886e-07 GMRES its: 50 reason: -3 omega: 1.0 LS its: 0
 Time: 1.71301 It: 62 res: 5.81606e-07 norm res: 0.013082 res wall: 3.30234e-06 res fluid: 5.05034e-07 res wake: 1.61719e-09 Cl: 7.27152e-07 Cd: 0.0114148 Cm: -1.82012e-07 Circulation: 3.42111e-07 GMRES its: 50 reason: -3 omega: 1.0 LS its: 0
 Time: 1.73532 It: 63 res: 5.10849e-07 norm res: 0.0114905 res wall: 2.88318e-06 res fluid: 4.44485e-07 res wake: 1.02679e-09 Cl: 6.34815e-07 Cd: 0.0114148 Cm: -1.66496e-07 Circulation: 3.00662e-07 GMRES its: 50 reason: -3 omega: 1.0 LS its: 0
 Time: 1.75743 It: 64 res: 4.43661e-07 norm res: 0.00997924 res wall: 2.48427e-06 res fluid: 3.87027e-07 res wake: 7.62552e-10 Cl: 5.58765e-07 Cd: 0.0114147 Cm: -1.50545e-07 Circulation: 2.66667e-07 GMRES its: 50 reason: -3 omega: 1.0 LS its: 0
 Time: 1.77944 It: 65 res: 3.80862e-07 norm res: 0.0085667 res wall: 2.11093e-06 res fluid: 3.33334e-07 res wake: 6.73807e-10 Cl: 4.8616e-07 Cd: 0.0114146 Cm: -1.33182e-07 Circulation: 2.33534e-07 GMRES its: 50 reason: -3 omega: 1.0 LS its: 0
 Time: 1.80154 It: 66 res: 3.23017e-07 norm res: 0.00726559 res wall: 1.76647e-06 res fluid: 2.83886e-07 res wake: 6.69857e-10 Cl: 4.1133e-07 Cd: 0.0114146 Cm: -1.14695e-07 Circulation: 1.98454e-07 GMRES its: 50 reason: -3 omega: 1.0 LS its: 0
 Time: 1.82371 It: 67 res: 2.70465e-07 norm res: 0.00608355 res wall: 1.4528e-06 res fluid: 2.38974e-07 res wake: 6.88602e-10 Cl: 3.34547e-07 Cd: 0.0114147 Cm: -9.58154e-08 Circulation: 1.61738e-07 GMRES its: 50 reason: -3 omega: 1.0 LS its: 0
 Time: 1.84544 It: 68 res: 2.23367e-07 norm res: 0.00502417 res wall: 1.17064e-06 res fluid: 1.98734e-07 res wake: 7.0294e-10 Cl: 2.58001e-07 Cd: 0.0114148 Cm: -7.72386e-08 Circulation: 1.24629e-07 GMRES its: 50 reason: -3 omega: 1.0 LS its: 0
 Time: 1.86715 It: 69 res: 1.81771e-07 norm res: 0.00408855 res wall: 9.20048e-07 res fluid: 1.63204e-07 res wake: 6.97681e-10 Cl: 1.8537e-07 Cd: 0.0114149 Cm: -5.97315e-08 Circulation: 8.91225e-08 GMRES its: 50 reason: -3 omega: 1.0 LS its: 0
 Time: 1.88888 It: 70 res: 1.45672e-07 norm res: 0.0032766 res wall: 7.0075e-07 res fluid: 1.32367e-07 res wake: 6.66924e-10 Cl: 1.2097e-07 Cd: 0.0114151 Cm: -4.4025e-08 Circulation: 5.75145e-08 GMRES its: 50 reason: -3 omega: 1.0 LS its: 0
 Time: 1.91075 It: 71 res: 1.1505e-07 norm res: 0.00258781 res wall: 5.12334e-07 res fluid: 1.06179e-07 res wake: 6.17243e-10 Cl: 6.80622e-08 Cd: 0.0114153 Cm: -3.05568e-08 Circulation: 3.14866e-08 GMRES its: 50 reason: -3 omega: 1.0 LS its: 0
 Time: 1.93263 It: 72 res: 8.99088e-08 norm res: 0.00202231 res wall: 3.54825e-07 res fluid: 8.45925e-08 res wake: 5.6299e-10 Cl: 2.73831e-08 Cd: 0.0114155 Cm: -1.93394e-08 Circulation: 1.14128e-08 GMRES its: 50 reason: -3 omega: 1.0 LS its: 0
 Time: 1.95448 It: 73 res: 7.03067e-08 norm res: 0.0015814 res wall: 2.30118e-07 res fluid: 6.75647e-08 res wake: 5.12704e-10 Cl: -2.4389e-09 Cd: 0.0114156 Cm: -1.01881e-08 Circulation: -3.35539e-09 GMRES its: 50 reason: -3 omega: 1.0 LS its: 0
 Time: 1.97641 It: 74 res: 5.62912e-08 norm res: 0.00126615 res wall: 1.46242e-07 res fluid: 5.50023e-08 res wake: 4.64423e-10 Cl: -2.36474e-08 Cd: 0.0114158 Cm: -2.97301e-09 Circulation: -1.3829e-08 GMRES its: 50 reason: -3 omega: 1.0 LS its: 0
 Time: 1.99835 It: 75 res: 4.76053e-08 norm res: 0.00107078 res wall: 1.19626e-07 res fluid: 4.65986e-08 res wake: 4.13645e-10 Cl: -3.84225e-08 Cd: 0.0114159 Cm: 2.43221e-09 Circulation: -2.09834e-08 GMRES its: 50 reason: -3 omega: 1.0 LS its: 0
 Time: 2.02151 It: 76 res: 4.32827e-08 norm res: 0.000973553 res wall: 1.39986e-07 res fluid: 4.16394e-08 res wake: 3.62376e-10 Cl: -4.83879e-08 Cd: 0.0114161 Cm: 6.27025e-09 Circulation: -2.56026e-08 GMRES its: 50 reason: -3 omega: 1.0 LS its: 0
 Time: 2.04361 It: 77 res: 4.17099e-08 norm res: 0.000938178 res wall: 1.70827e-07 res fluid: 3.90338e-08 res wake: 3.14969e-10 Cl: -5.45737e-08 Cd: 0.0114162 Cm: 8.80327e-09 Circulation: -2.82591e-08 GMRES its: 50 reason: -3 omega: 1.0 LS its: 0
 Time: 2.06596 It: 78 res: 4.12905e-08 norm res: 0.000928744 res wall: 1.95591e-07 res fluid: 3.76445e-08 res wake: 2.73026e-10 Cl: -5.82049e-08 Cd: 0.0114163 Cm: 1.03532e-08 Circulation: -2.96417e-08 GMRES its: 50 reason: -3 omega: 1.0 LS its: 0
 Time: 2.0889 It: 79 res: 4.09552e-08 norm res: 0.0009212 res wall: 2.10778e-07 res fluid: 3.66157e-08 res wake: 2.35279e-10 Cl: -6.04442e-08 Cd: 0.0114163 Cm: 1.12266e-08 Circulation: -3.03885e-08 GMRES its: 50 reason: -3 omega: 1.0 LS its: 0
 Time: 2.11101 It: 80 res: 4.01751e-08 norm res: 0.000903655 res wall: 2.16702e-07 res fluid: 3.5454e-08 res wake: 2.00278e-10 Cl: -6.17829e-08 Cd: 0.0114164 Cm: 1.1589e-08 Circulation: -3.07671e-08 GMRES its: 50 reason: -3 omega: 1.0 LS its: 0
 Time: 2.13342 It: 81 res: 3.87865e-08 norm res: 0.000872422 res wall: 2.1489e-07 res fluid: 3.39505e-08 res wake: 1.67648e-10 Cl: -6.2159e-08 Cd: 0.0114164 Cm: 1.14926e-08 Circulation: -3.07498e-08 GMRES its: 50 reason: -3 omega: 1.0 LS its: 0
 Time: 2.15699 It: 82 res: 3.68148e-08 norm res: 0.000828072 res wall: 2.07068e-07 res fluid: 3.20685e-08 res wake: 1.3768e-10 Cl: -6.12585e-08 Cd: 0.0114165 Cm: 1.0914e-08 Circulation: -3.01746e-08 GMRES its: 50 reason: -3 omega: 1.0 LS its: 0
 Time: 2.17944 It: 83 res: 3.43652e-08 norm res: 0.000772973 res wall: 1.94816e-07 res fluid: 2.98567e-08 res wake: 1.11096e-10 Cl: -5.87198e-08 Cd: 0.0114165 Cm: 9.75942e-09 Circulation: -2.88509e-08 GMRES its: 50 reason: -3 omega: 1.0 LS its: 0
 Time: 2.20179 It: 84 res: 3.15663e-08 norm res: 0.000710018 res wall: 1.7948e-07 res fluid: 2.73977e-08 res wake: 8.57321e-11 Cl: -5.46277e-08 Cd: 0.0114165 Cm: 8.11855e-09 Circulation: -2.67927e-08 GMRES its: 50 reason: -3 omega: 1.0 LS its: 0
 Time: 2.22363 It: 85 res: 2.85536e-08 norm res: 0.000642254 res wall: 1.62235e-07 res fluid: 2.47888e-08 res wake: 5.1792e-11 Cl: -5.14317e-08 Cd: 0.0114165 Cm: 7.32711e-09 Circulation: -2.51885e-08 GMRES its: 50 reason: -3 omega: 1.0 LS its: 0
 Time: 2.24566 It: 86 res: 2.54536e-08 norm res: 0.000572525 res wall: 1.44077e-07 res fluid: 2.21254e-08 res wake: 3.17193e-11 Cl: -4.88698e-08 Cd: 0.0114165 Cm: 6.94413e-09 Circulation: -2.39337e-08 GMRES its: 50 reason: -3 omega: 1.0 LS its: 0
 Time: 2.26774 It: 87 res: 2.23659e-08 norm res: 0.000503075 res wall: 1.25769e-07 res fluid: 1.94839e-08 res wake: 2.49913e-11 Cl: -4.65585e-08 Cd: 0.0114165 Cm: 6.66412e-09 Circulation: -2.2819e-08 GMRES its: 50 reason: -3 omega: 1.0 LS its: 0
 Time: 2.28996 It: 88 res: 1.93725e-08 norm res: 0.000435743 res wall: 1.07902e-07 res fluid: 1.69284e-08 res wake: 2.2667e-11 Cl: -4.4312e-08 Cd: 0.0114165 Cm: 6.40564e-09 Circulation: -2.17512e-08 GMRES its: 50 reason: -3 omega: 1.0 LS its: 0
 Time: 2.3123 It: 89 res: 1.65385e-08 norm res: 0.000371999 res wall: 9.09286e-08 res fluid: 1.45111e-08 res wake: 2.29462e-11 Cl: -4.19006e-08 Cd: 0.0114165 Cm: 6.1021e-09 Circulation: -2.0604e-08 GMRES its: 50 reason: -3 omega: 1.0 LS its: 0
 Time: 2.33439 It: 90 res: 1.39125e-08 norm res: 0.000312934 res wall: 7.51701e-08 res fluid: 1.22715e-08 res wake: 2.50011e-11 Cl: -3.91664e-08 Cd: 0.0114165 Cm: 5.72105e-09 Circulation: -1.92887e-08 GMRES its: 50 reason: -3 omega: 1.0 LS its: 0
 Time: 2.35658 It: 91 res: 1.15273e-08 norm res: 0.000259282 res wall: 6.0828e-08 res fluid: 1.02367e-08 res wake: 2.83932e-11 Cl: -3.59949e-08 Cd: 0.0114165 Cm: 5.24447e-09 Circulation: -1.77426e-08 GMRES its: 50 reason: -3 omega: 1.0 LS its: 0
 Time: 2.37836 It: 92 res: 9.40184e-09 norm res: 0.000211475 res wall: 4.80063e-08 res fluid: 8.42283e-09 res wake: 3.23276e-11 Cl: -3.23925e-08 Cd: 0.0114165 Cm: 4.67729e-09 Circulation: -1.59665e-08 GMRES its: 50 reason: -3 omega: 1.0 LS its: 0
 Time: 2.40017 It: 93 res: 7.54592e-09 norm res: 0.00016973 res wall: 3.67463e-08 res fluid: 6.83792e-09 res wake: 3.56981e-11 Cl: -2.8506e-08 Cd: 0.0114165 Cm: 4.04883e-09 Circulation: -1.40354e-08 GMRES its: 50 reason: -3 omega: 1.0 LS its: 0
 Time: 2.42241 It: 94 res: 5.96343e-09 norm res: 0.000134135 res wall: 2.70497e-08 res fluid: 5.48463e-09 res wake: 3.74337e-11 Cl: -2.45985e-08 Cd: 0.0114165 Cm: 3.40738e-09 Circulation: -1.20849e-08 GMRES its: 50 reason: -3 omega: 1.0 LS its: 0
 Time: 2.44436 It: 95 res: 4.65586e-09 norm res: 0.000104724 res wall: 1.89122e-08 res fluid: 4.3625e-09 res wake: 3.7179e-11 Cl: -2.09386e-08 Cd: 0.0114165 Cm: 2.79856e-09 Circulation: -1.02515e-08 GMRES its: 50 reason: -3 omega: 1.0 LS its: 0
 Time: 2.46644 It: 96 res: 3.62534e-09 norm res: 8.15443e-05 res wall: 1.2389e-08 res fluid: 3.46958e-09 res wake: 3.53511e-11 Cl: -1.76848e-08 Cd: 0.0114165 Cm: 2.25167e-09 Circulation: -8.61797e-09 GMRES its: 50 reason: -3 omega: 1.0 LS its: 0
 Time: 2.48854 It: 97 res: 2.87375e-09 norm res: 6.46391e-05 res wall: 7.77027e-09 res fluid: 2.80144e-09 res wake: 3.25531e-11 Cl: -1.48763e-08 Cd: 0.0114165 Cm: 1.78276e-09 Circulation: -7.2094e-09 GMRES its: 50 reason: -3 omega: 1.0 LS its: 0
 Time: 2.51075 It: 98 res: 2.39174e-09 norm res: 5.37973e-05 res wall: 5.82382e-09 res fluid: 2.34487e-09 res wake: 2.91956e-11 Cl: -1.24797e-08 Cd: 0.0114164 Cm: 1.39936e-09 Circulation: -6.01579e-09 GMRES its: 50 reason: -3 omega: 1.0 LS its: 0
 Time: 2.53285 It: 99 res: 2.13863e-09 norm res: 4.81039e-05 res wall: 6.49627e-09 res fluid: 2.0682e-09 res wake: 2.56945e-11 Cl: -1.04325e-08 Cd: 0.0114164 Cm: 1.09586e-09 Circulation: -5.00889e-09 GMRES its: 50 reason: -3 omega: 1.0 LS its: 0
 Time: 2.55515 It: 100 res: 2.0386e-09 norm res: 4.58541e-05 res wall: 7.99377e-09 res fluid: 1.91976e-09 res wake: 2.2392e-11 Cl: -8.67781e-09 Cd: 0.0114164 Cm: 8.58217e-10 Circulation: -4.15673e-09 GMRES its: 50 reason: -3 omega: 1.0 LS its: 0
 Time: 2.57707 It: 101 res: 2.00983e-09 norm res: 4.5207e-05 res wall: 9.27906e-09 res fluid: 1.84209e-09 res wake: 1.95128e-11 Cl: -7.15517e-09 Cd: 0.0114164 Cm: 6.70522e-10 Circulation: -3.42352e-09 GMRES its: 50 reason: -3 omega: 1.0 LS its: 0
 Time: 2.59967 It: 102 res: 1.9939e-09 norm res: 4.48485e-05 res wall: 1.01085e-08 res fluid: 1.78951e-09 res wake: 1.71101e-11 Cl: -5.79835e-09 Cd: 0.0114164 Cm: 5.16795e-10 Circulation: -2.77195e-09 GMRES its: 50 reason: -3 omega: 1.0 LS its: 0
 Time: 2.62153 It: 103 res: 1.96025e-09 norm res: 4.40917e-05 res wall: 1.04785e-08 res fluid: 1.73444e-09 res wake: 1.50442e-11 Cl: -4.57074e-09 Cd: 0.0114164 Cm: 3.87462e-10 Circulation: -2.18181e-09 GMRES its: 50 reason: -3 omega: 1.0 LS its: 0
 Time: 2.64375 It: 104 res: 1.89796e-09 norm res: 4.26906e-05 res wall: 1.04562e-08 res fluid: 1.66425e-09 res wake: 1.31738e-11 Cl: -3.4654e-09 Cd: 0.0114164 Cm: 2.78346e-10 Circulation: -1.64901e-09 GMRES its: 50 reason: -3 omega: 1.0 LS its: 0
 Time: 2.66562 It: 105 res: 1.80698e-09 norm res: 4.06442e-05 res wall: 1.01267e-08 res fluid: 1.57588e-09 res wake: 1.13884e-11 Cl: -2.48834e-09 Cd: 0.0114164 Cm: 1.87608e-10 Circulation: -1.17648e-09 GMRES its: 50 reason: -3 omega: 1.0 LS its: 0
 Time: 2.68769 It: 106 res: 1.69208e-09 norm res: 3.80597e-05 res wall: 9.57064e-09 res fluid: 1.4712e-09 res wake: 9.66933e-12 Cl: -1.64338e-09 Cd: 0.0114164 Cm: 1.13823e-10 Circulation: -7.66542e-10 GMRES its: 50 reason: -3 omega: 1.0 LS its: 0
 Time: 2.70965 It: 107 res: 1.5595e-09 norm res: 3.50777e-05 res wall: 8.8567e-09 res fluid: 1.35408e-09 res wake: 8.02982e-12 Cl: -9.21001e-10 Cd: 0.0114164 Cm: 5.45048e-11 Circulation: -4.1552e-10 GMRES its: 50 reason: -3 omega: 1.0 LS its: 0
 Time: 2.73181 It: 108 res: 1.41563e-09 norm res: 3.18416e-05 res wall: 8.0421e-09 res fluid: 1.22904e-09 res wake: 5.81511e-12 Cl: -3.92537e-10 Cd: 0.0114164 Cm: 2.6575e-11 Circulation: -1.60876e-10 GMRES its: 50 reason: -3 omega: 1.0 LS its: 0
 Time: 2.75429 It: 109 res: 1.26676e-09 norm res: 2.84931e-05 res wall: 7.17674e-09 res fluid: 1.1008e-09 res wake: 3.47677e-12 Cl: -9.93762e-11 Cd: 0.0114164 Cm: 2.71484e-11 Circulation: -2.32532e-11 GMRES its: 50 reason: -3 omega: 1.0 LS its: 0
 Time: 2.777 It: 110 res: 1.11782e-09 norm res: 2.5143e-05 res wall: 6.29843e-09 res fluid: 9.73139e-10 res wake: 2.05752e-12 Cl: 6.84645e-11 Cd: 0.0114164 Cm: 3.27218e-11 Circulation: 5.26272e-11 GMRES its: 50 reason: -3 omega: 1.0 LS its: 0
 Time: 2.79888 It: 111 res: 9.72745e-10 norm res: 2.18799e-05 res wall: 5.43598e-09 res fluid: 8.49121e-10 res wake: 1.44126e-12 Cl: 1.97325e-10 Cd: 0.0114164 Cm: 2.67231e-11 Circulation: 1.10617e-10 GMRES its: 50 reason: -3 omega: 1.0 LS its: 0
 Time: 2.82084 It: 112 res: 8.34687e-10 norm res: 1.87745e-05 res wall: 4.61158e-09 res fluid: 7.31255e-10 res wake: 1.18054e-12 Cl: 3.08525e-10 Cd: 0.0114164 Cm: 1.29238e-11 Circulation: 1.61847e-10 GMRES its: 50 reason: -3 omega: 1.0 LS its: 0
 Time: 2.84275 It: 113 res: 7.06049e-10 norm res: 1.58811e-05 res wall: 3.84141e-09 res fluid: 6.21481e-10 res wake: 1.03209e-12 Cl: 4.0553e-10 Cd: 0.0114164 Cm: -3.74148e-12 Circulation: 2.07635e-10 GMRES its: 50 reason: -3 omega: 1.0 LS its: 0
 Time: 2.86482 It: 114 res: 5.885e-10 norm res: 1.32371e-05 res wall: 3.1361e-09 res fluid: 5.21169e-10 res wake: 9.22225e-13 Cl: 4.86877e-10 Cd: 0.0114164 Cm: -1.99584e-11 Circulation: 2.46775e-10 GMRES its: 50 reason: -3 omega: 1.0 LS its: 0
 Time: 2.88667 It: 115 res: 4.83064e-10 norm res: 1.08655e-05 res wall: 2.5016e-09 res fluid: 4.31176e-10 res wake: 8.08146e-13 Cl: 5.48693e-10 Cd: 0.0114164 Cm: -3.32429e-11 Circulation: 2.76774e-10 GMRES its: 50 reason: -3 omega: 1.0 LS its: 0
 Time: 2.90865 It: 116 res: 3.90279e-10 norm res: 8.77852e-06 res wall: 1.94047e-09 res fluid: 3.5195e-10 res wake: 7.24617e-13 Cl: 5.87497e-10 Cd: 0.0114164 Cm: -4.19233e-11 Circulation: 2.95457e-10 GMRES its: 50 reason: -3 omega: 1.0 LS its: 0
 Time: 2.93063 It: 117 res: 3.10377e-10 norm res: 6.98128e-06 res wall: 1.45318e-09 res fluid: 2.83663e-10 res wake: 7.18821e-13 Cl: 6.02865e-10 Cd: 0.0114164 Cm: -4.54881e-11 Circulation: 3.02334e-10 GMRES its: 50 reason: -3 omega: 1.0 LS its: 0
 Time: 2.9524 It: 118 res: 2.43431e-10 norm res: 5.47547e-06 res wall: 1.03932e-09 res fluid: 2.26318e-10 res wake: 7.84774e-13 Cl: 5.97918e-10 Cd: 0.0114164 Cm: -4.44129e-11 Circulation: 2.98767e-10 GMRES its: 50 reason: -3 omega: 1.0 LS its: 0
 Time: 2.97541 It: 119 res: 1.89515e-10 norm res: 4.26275e-06 res wall: 6.99842e-10 res fluid: 1.7984e-10 res wake: 8.7199e-13 Cl: 5.77866e-10 Cd: 0.0114164 Cm: -3.9944e-11 Circulation: 2.87343e-10 GMRES its: 50 reason: -3 omega: 1.0 LS its: 0
 Time: 2.99722 It: 120 res: 1.48761e-10 norm res: 3.34606e-06 res wall: 4.42616e-10 res fluid: 1.44088e-10 res wake: 9.31474e-13 Cl: 5.47868e-10 Cd: 0.0114164 Cm: -3.37569e-11 Circulation: 2.70872e-10 GMRES its: 50 reason: -3 omega: 1.0 LS its: 0
 Time: 3.0194 It: 121 res: 1.21053e-10 norm res: 2.72283e-06 res wall: 2.95543e-10 res fluid: 1.18665e-10 res wake: 9.41269e-13 Cl: 5.1169e-10 Cd: 0.0114164 Cm: -2.74497e-11 Circulation: 2.51602e-10 GMRES its: 50 reason: -3 omega: 1.0 LS its: 0
 Time: 3.04099 It: 122 res: 1.05169e-10 norm res: 2.36556e-06 res wall: 2.86631e-10 res fluid: 1.02473e-10 res wake: 9.02228e-13 Cl: 4.71935e-10 Cd: 0.0114164 Cm: -2.20867e-11 Circulation: 2.31139e-10 GMRES its: 50 reason: -3 omega: 1.0 LS its: 0
 Time: 3.06291 It: 123 res: 9.80949e-11 norm res: 2.20644e-06 res wall: 3.51693e-10 res fluid: 9.34048e-11 res wake: 8.35582e-13 Cl: 4.30625e-10 Cd: 0.0114164 Cm: -1.79555e-11 Circulation: 2.10494e-10 GMRES its: 50 reason: -3 omega: 1.0 LS its: 0
 Time: 3.08496 It: 124 res: 9.58498e-11 norm res: 2.15594e-06 res wall: 4.19478e-10 res fluid: 8.87355e-11 res wake: 7.64173e-13 Cl: 3.89049e-10 Cd: 0.0114164 Cm: -1.49227e-11 Circulation: 1.90088e-10 GMRES its: 50 reason: -3 omega: 1.0 LS its: 0
 Time: 3.10706 It: 125 res: 9.51332e-11 norm res: 2.13982e-06 res wall: 4.67963e-10 res fluid: 8.60073e-11 res wake: 6.94517e-13 Cl: 3.46818e-10 Cd: 0.0114164 Cm: -1.25486e-11 Circulation: 1.69495e-10 GMRES its: 50 reason: -3 omega: 1.0 LS its: 0
 Time: 3.12906 It: 126 res: 9.40044e-11 norm res: 2.11443e-06 res wall: 4.94056e-10 res fluid: 8.35729e-11 res wake: 6.35171e-13 Cl: 3.03802e-10 Cd: 0.0114164 Cm: -1.05284e-11 Circulation: 1.4851e-10 GMRES its: 50 reason: -3 omega: 1.0 LS its: 0
 Time: 3.15138 It: 127 res: 9.16289e-11 norm res: 2.061e-06 res wall: 5.00009e-10 res fluid: 8.05816e-11 res wake: 5.7428e-13 Cl: 2.60818e-10 Cd: 0.0114164 Cm: -8.75473e-12 Circulation: 1.2748e-10 GMRES its: 50 reason: -3 omega: 1.0 LS its: 0
 Time: 3.17315 It: 128 res: 8.78421e-11 norm res: 1.97582e-06 res wall: 4.8971e-10 res fluid: 7.67377e-11 res wake: 5.17077e-13 Cl: 2.19197e-10 Cd: 0.0114164 Cm: -7.23201e-12 Circulation: 1.0704e-10 GMRES its: 50 reason: -3 omega: 1.0 LS its: 0
 Time: 3.195 It: 129 res: 8.28045e-11 norm res: 1.86251e-06 res wall: 4.67132e-10 res fluid: 7.2058e-11 res wake: 4.58745e-13 Cl: 1.80269e-10 Cd: 0.0114164 Cm: -6.02565e-12 Circulation: 8.78508e-11 GMRES its: 50 reason: -3 omega: 1.0 LS its: 0
 Time: 3.21715 It: 130 res: 7.67975e-11 norm res: 1.7274e-06 res wall: 4.35773e-10 res fluid: 6.67011e-11 res wake: 4.01794e-13 Cl: 1.44472e-10 Cd: 0.0114164 Cm: -5.12157e-12 Circulation: 7.01448e-11 GMRES its: 50 reason: -3 omega: 1.0 LS its: 0
 Time: 3.23907 It: 131 res: 7.01245e-11 norm res: 1.5773e-06 res wall: 3.98545e-10 res fluid: 6.08726e-11 res wake: 3.33664e-13 Cl: 1.12738e-10 Cd: 0.0114164 Cm: -4.55808e-12 Circulation: 5.44718e-11 GMRES its: 50 reason: -3 omega: 1.0 LS its: 0
 Time: 3.26098 It: 132 res: 6.30954e-11 norm res: 1.4192e-06 res wall: 3.57995e-10 res fluid: 5.48019e-11 res wake: 2.24965e-13 Cl: 9.23667e-11 Cd: 0.0114164 Cm: -5.34131e-12 Circulation: 4.45681e-11 GMRES its: 50 reason: -3 omega: 1.0 LS its: 0
 Time: 3.28302 It: 133 res: 5.59742e-11 norm res: 1.25902e-06 res wall: 3.16166e-10 res fluid: 4.86897e-11 res wake: 1.43696e-13 Cl: 8.02758e-11 Cd: 0.0114164 Cm: -6.65176e-12 Circulation: 3.88342e-11 GMRES its: 50 reason: -3 omega: 1.0 LS its: 0
 Time: 3.30491 It: 134 res: 4.89667e-11 norm res: 1.1014e-06 res wall: 2.74595e-10 res fluid: 4.26954e-11 res wake: 9.75581e-14 Cl: 7.13063e-11 Cd: 0.0114164 Cm: -7.48543e-12 Circulation: 3.46406e-11 GMRES its: 50 reason: -3 omega: 1.0 LS its: 0
 Time: 3.32687 It: 135 res: 4.22393e-11 norm res: 9.50084e-07 res wall: 2.34468e-10 res fluid: 3.69504e-11 res wake: 8.41537e-14 Cl: 6.30414e-11 Cd: 0.0114164 Cm: -7.58171e-12 Circulation: 3.07305e-11 GMRES its: 50 reason: -3 omega: 1.0 LS its: 0
 Time: 3.34889 It: 136 res: 3.59217e-11 norm res: 8.07983e-07 res wall: 1.96671e-10 res fluid: 3.15589e-11 res wake: 7.72852e-14 Cl: 5.49444e-11 Cd: 0.0114164 Cm: -7.17415e-12 Circulation: 2.68328e-11 GMRES its: 50 reason: -3 omega: 1.0 LS its: 0
 Time: 3.37071 It: 137 res: 3.01071e-11 norm res: 6.77196e-07 res wall: 1.61811e-10 res fluid: 2.65972e-11 res wake: 7.49769e-14 Cl: 4.68513e-11 Cd: 0.0114164 Cm: -6.44802e-12 Circulation: 2.28753e-11 GMRES its: 50 reason: -3 omega: 1.0 LS its: 0
 Time: 3.3928 It: 138 res: 2.48559e-11 norm res: 5.59081e-07 res wall: 1.30252e-10 res fluid: 2.21154e-11 res wake: 7.6113e-14 Cl: 3.88654e-11 Cd: 0.0114164 Cm: -5.5664e-12 Circulation: 1.8928e-11 GMRES its: 50 reason: -3 omega: 1.0 LS its: 0
 Time: 3.41503 It: 139 res: 2.02012e-11 norm res: 4.54383e-07 res wall: 1.02165e-10 res fluid: 1.81415e-11 res wake: 7.56792e-14 Cl: 3.12372e-11 Cd: 0.0114164 Cm: -4.67098e-12 Circulation: 1.51376e-11 GMRES its: 50 reason: -3 omega: 1.0 LS its: 0
 Time: 3.43716 It: 140 res: 1.61586e-11 norm res: 3.63455e-07 res wall: 7.76052e-11 res fluid: 1.46879e-11 res wake: 7.31347e-14 Cl: 2.43181e-11 Cd: 0.0114164 Cm: -3.89042e-12 Circulation: 1.16994e-11 GMRES its: 50 reason: -3 omega: 1.0 LS its: 0
 Time: 3.459 It: 141 res: 1.27335e-11 norm res: 2.86413e-07 res wall: 5.65567e-11 res fluid: 1.17572e-11 res wake: 6.77029e-14 Cl: 1.828e-11 Cd: 0.0114164 Cm: -3.26967e-12 Circulation: 8.71383e-12 GMRES its: 50 reason: -3 omega: 1.0 LS its: 0
 Time: 3.48122 It: 142 res: 9.92828e-12 norm res: 2.23316e-07 res wall: 3.90214e-11 res fluid: 9.34651e-12 res wake: 6.40467e-14 Cl: 1.33369e-11 Cd: 0.0114164 Cm: -2.86328e-12 Circulation: 6.30004e-12 GMRES its: 50 reason: -3 omega: 1.0 LS its: 0
 Time: 3.50281 It: 143 res: 7.74844e-12 norm res: 1.74285e-07 res wall: 2.51974e-11 res fluid: 7.45062e-12 res wake: 6.03097e-14 Cl: 9.33683e-12 Cd: 0.0114164 Cm: -2.60099e-12 Circulation: 4.37597e-12 GMRES its: 50 reason: -3 omega: 1.0 LS its: 0
 Time: 3.52433 It: 144 res: 6.19624e-12 norm res: 1.39371e-07 res wall: 1.59705e-11 res fluid: 6.05701e-12 res wake: 5.5531e-14 Cl: 6.22272e-12 Cd: 0.0114164 Cm: -2.43538e-12 Circulation: 2.89822e-12 GMRES its: 50 reason: -3 omega: 1.0 LS its: 0
 Time: 3.54641 It: 145 res: 5.23904e-12 norm res: 1.17841e-07 res wall: 1.31487e-11 res fluid: 5.12858e-12 res wake: 4.8213e-14 Cl: 3.75883e-12 Cd: 0.0114164 Cm: -2.27297e-12 Circulation: 1.72764e-12 GMRES its: 50 reason: -3 omega: 1.0 LS its: 0
 Time: 3.56829 It: 146 res: 4.76524e-12 norm res: 1.07184e-07 res wall: 1.5465e-11 res fluid: 4.58292e-12 res wake: 4.17752e-14 Cl: 1.95873e-12 Cd: 0.0114164 Cm: -2.12282e-12 Circulation: 8.67143e-13 GMRES its: 50 reason: -3 omega: 1.0 LS its: 0
 Time: 3.59042 It: 147 res: 4.59311e-12 norm res: 1.03312e-07 res wall: 1.88617e-11 res fluid: 4.29668e-12 res wake: 3.72724e-14 Cl: 5.14167e-13 Cd: 0.0114164 Cm: -1.9267e-12 Circulation: 1.62355e-13 GMRES its: 50 reason: -3 omega: 1.0 LS its: 0
 Time: 3.61254 It: 148 res: 4.5458e-12 norm res: 1.02248e-07 res wall: 2.15609e-11 res fluid: 4.14325e-12 res wake: 3.31909e-14 Cl: -5.1366e-13 Cd: 0.0114164 Cm: -1.72853e-12 Circulation: -3.43252e-13 GMRES its: 50 reason: -3 omega: 1.0 LS its: 0
 Time: 3.63453 It: 149 res: 4.50637e-12 norm res: 1.01361e-07 res wall: 2.3201e-11 res fluid: 4.0285e-12 res wake: 2.89783e-14 Cl: -1.17558e-12 Cd: 0.0114164 Cm: -1.53349e-12 Circulation: -6.68674e-13 GMRES its: 50 reason: -3 omega: 1.0 LS its: 0
 Time: 3.65635 It: 150 res: 4.41769e-12 norm res: 9.93666e-08 res wall: 2.38258e-11 res fluid: 3.89869e-12 res wake: 2.29937e-14 Cl: -1.49675e-12 Cd: 0.0114164 Cm: -1.35285e-12 Circulation: -8.22468e-13 GMRES its: 50 reason: -3 omega: 1.0 LS its: 0
 Time: 3.67864 It: 151 res: 4.26218e-12 norm res: 9.58688e-08 res wall: 2.36035e-11 res fluid: 3.73127e-12 res wake: 1.97645e-14 Cl: -1.66515e-12 Cd: 0.0114164 Cm: -1.15603e-12 Circulation: -9.00101e-13 GMRES its: 50 reason: -3 omega: 1.0 LS its: 0
 Time: 3.70079 It: 152 res: 4.04315e-12 norm res: 9.09421e-08 res wall: 2.27269e-11 res fluid: 3.5226e-12 res wake: 1.66169e-14 Cl: -1.71326e-12 Cd: 0.0114164 Cm: -9.51021e-13 Circulation: -9.14338e-13 GMRES its: 50 reason: -3 omega: 1.0 LS its: 0
 Time: 3.72274 It: 153 res: 3.7726e-12 norm res: 8.48568e-08 res wall: 2.13726e-11 res fluid: 3.27839e-12 res wake: 1.48081e-14 Cl: -1.69131e-12 Cd: 0.0114164 Cm: -7.32972e-13 Circulation: -8.89454e-13 GMRES its: 50 reason: -3 omega: 1.0 LS its: 0
 Time: 3.74468 It: 154 res: 3.46488e-12 norm res: 7.79351e-08 res wall: 1.96891e-11 res fluid: 3.0079e-12 res wake: 1.1255e-14 Cl: -1.69481e-12 Cd: 0.0114164 Cm: -4.8679e-13 Circulation: -8.76924e-13 GMRES its: 50 reason: -3 omega: 1.0 LS its: 0
 Time: 3.76684 It: 155 res: 3.13462e-12 norm res: 7.05066e-08 res wall: 1.78032e-11 res fluid: 2.72167e-12 res wake: 9.22738e-15 Cl: -1.50383e-12 Cd: 0.0114164 Cm: -3.66204e-13 Circulation: -7.71025e-13 GMRES its: 50 reason: -3 omega: 1.0 LS its: 0
 Time: 3.78881 It: 156 res: 2.79562e-12 norm res: 6.28817e-08 res wall: 1.5823e-11 res fluid: 2.43016e-12 res wake: 5.84881e-15 Cl: -1.43469e-12 Cd: 0.0114164 Cm: -2.62439e-13 Circulation: -7.31061e-13 GMRES its: 50 reason: -3 omega: 1.0 LS its: 0
 Time: 3.81037 It: 157 res: 2.45857e-12 norm res: 5.53004e-08 res wall: 1.38295e-11 res fluid: 2.14155e-12 res wake: 8.45897e-15 Cl: -1.3934e-12 Cd: 0.0114164 Cm: -1.73932e-13 Circulation: -7.05971e-13 GMRES its: 50 reason: -3 omega: 1.0 LS its: 0
 Time: 3.8324 It: 158 res: 2.13207e-12 norm res: 4.79564e-08 res wall: 1.18852e-11 res fluid: 1.86259e-12 res wake: 7.68639e-15 Cl: -1.35036e-12 Cd: 0.0114164 Cm: -1.05499e-13 Circulation: -6.80514e-13 GMRES its: 50 reason: -3 omega: 1.0 LS its: 0
 Time: 3.85493 It: 159 res: 1.82297e-12 norm res: 4.10039e-08 res wall: 1.00376e-11 res fluid: 1.59877e-12 res wake: 8.4208e-15 Cl: -1.31928e-12 Cd: 0.0114164 Cm: -4.6449e-14 Circulation: -6.61738e-13 GMRES its: 50 reason: -3 omega: 1.0 LS its: 0
 Time: 3.87643 It: 160 res: 1.53638e-12 norm res: 3.45576e-08 res wall: 8.32071e-12 res fluid: 1.35421e-12 res wake: 7.41911e-15 Cl: -1.25185e-12 Cd: 0.0114164 Cm: -1.27424e-14 Circulation: -6.24504e-13 GMRES its: 50 reason: -3 omega: 1.0 LS its: 0
 Time: 3.89868 It: 161 res: 1.27572e-12 norm res: 2.86948e-08 res wall: 6.75584e-12 res fluid: 1.13177e-12 res wake: 8.33048e-15 Cl: -1.20397e-12 Cd: 0.0114164 Cm: 2.20041e-14 Circulation: -5.97916e-13 GMRES its: 50 reason: -3 omega: 1.0 LS its: 0
 Time: 3.92015 It: 162 res: 1.04305e-12 norm res: 2.34611e-08 res wall: 5.35441e-12 res fluid: 9.33148e-13 res wake: 6.39526e-15 Cl: -1.12928e-12 Cd: 0.0114164 Cm: 4.09256e-14 Circulation: -5.57765e-13 GMRES its: 50 reason: -3 omega: 1.0 LS its: 0
 Time: 3.94238 It: 163 res: 8.39335e-13 norm res: 1.88791e-08 res wall: 4.12051e-12 res fluid: 7.59171e-13 res wake: 6.82801e-15 Cl: -1.05188e-12 Cd: 0.0114164 Cm: 5.63538e-14 Circulation: -5.17081e-13 GMRES its: 50 reason: -3 omega: 1.0 LS its: 0
 Time: 3.9641 It: 164 res: 6.64995e-13 norm res: 1.49577e-08 res wall: 3.05451e-12 res fluid: 6.10111e-13 res wake: 6.2711e-15 Cl: -9.84917e-13 Cd: 0.0114164 Cm: 7.42475e-14 Circulation: -4.82917e-13 GMRES its: 50 reason: -3 omega: 1.0 LS its: 0
 Time: 3.98617 It: 165 res: 5.20146e-13 norm res: 1.16996e-08 res wall: 2.15538e-12 res fluid: 4.85903e-13 res wake: 5.98773e-15 Cl: -9.03284e-13 Cd: 0.0114164 Cm: 8.66282e-14 Circulation: -4.4236e-13 GMRES its: 50 reason: -3 omega: 1.0 LS its: 0
 Time: 4.00812 It: 166 res: 4.04979e-13 norm res: 9.10916e-09 res wall: 1.4274e-12 res fluid: 3.86337e-13 res wake: 8.68613e-15 Cl: -7.97334e-13 Cd: 0.0114164 Cm: 9.20722e-14 Circulation: -3.89963e-13 GMRES its: 50 reason: -3 omega: 1.0 LS its: 0
Mesh written to CGNS file: output/output_774.cgns
Solution output/output_774.cgns written with fields: res mach VelocityZ VelocityX VelocityY rho phi cp xElem yElem kuttaCell
total execution : 4.48278 seconds
