Full Potential Solver - Chapel Implmentation
GRID_FILENAME = ../MESHES/naca0012_129x129.cgns
START_FILENAME = 
ELEMENT_TYPE = QuadElements
OUTPUT_FILENAME = output/output.cgns
MACH = 0.8
ALPHA = 0.0
TEMPERATURE = 288.0
GAMMA = 1.4
CFL = 0.0
IT_MAX = 3000
X_REF = 0.25
Y_REF = 0.0
MU_C = 4.0
MACH_C = 0.95
Initializing temporal discretization...
Using ILU preconditioner for GMRES
SFD enabled: χ = 0.5, Δ = 0.1
T.E. node: 16322 at (1.00893, 0.0)
Upper T.E. face: 17157 elem: 64
Lower T.E. face: 27742 elem: 65
 Time: 0.04375 It: 1 res: 4.31102e-05 norm res: 1.0 res wall: 0.000132516 res fluid: 4.16515e-05 res wake: 2.87187e-05 Cl: 0.00041335 Cd: 0.00903171 Cm: -4.39734e-05 Circulation: 0.000223707 GMRES its: 50 reason: -3 omega: 1.0 LS its: 0
 Time: 0.065516 It: 2 res: 2.686e-05 norm res: 0.623055 res wall: 6.05357e-05 res fluid: 2.64251e-05 res wake: 9.9146e-06 Cl: 0.000413771 Cd: 0.00688409 Cm: -8.09541e-05 Circulation: 0.000212893 GMRES its: 50 reason: -3 omega: 1.0 LS its: 0
 Time: 0.087741 It: 3 res: 1.95329e-05 norm res: 0.453093 res wall: 5.7609e-05 res fluid: 1.89316e-05 res wake: 4.53161e-06 Cl: 0.000357759 Cd: 0.00786781 Cm: -4.54625e-05 Circulation: 0.000182472 GMRES its: 50 reason: -3 omega: 1.0 LS its: 0
 Time: 0.109578 It: 4 res: 1.52005e-05 norm res: 0.352597 res wall: 5.04174e-05 res fluid: 1.45897e-05 res wake: 2.70662e-06 Cl: 0.000271342 Cd: 0.00869079 Cm: -2.97328e-05 Circulation: 0.000135886 GMRES its: 50 reason: -3 omega: 1.0 LS its: 0
 Time: 0.131406 It: 5 res: 1.23777e-05 norm res: 0.287117 res wall: 4.31198e-05 res fluid: 1.18225e-05 res wake: 1.82401e-06 Cl: 0.000226346 Cd: 0.00912118 Cm: -1.33104e-05 Circulation: 0.000113326 GMRES its: 50 reason: -3 omega: 1.0 LS its: 0
 Time: 0.153578 It: 6 res: 1.04787e-05 norm res: 0.243067 res wall: 3.68954e-05 res fluid: 9.99743e-06 res wake: 1.32528e-06 Cl: 0.000182587 Cd: 0.00931779 Cm: -8.28241e-06 Circulation: 9.07751e-05 GMRES its: 50 reason: -3 omega: 1.0 LS its: 0
 Time: 0.17522 It: 7 res: 9.22374e-06 norm res: 0.213957 res wall: 3.23313e-05 res fluid: 8.80434e-06 res wake: 9.62437e-07 Cl: 0.000163019 Cd: 0.00938348 Cm: -3.53884e-06 Circulation: 8.14996e-05 GMRES its: 50 reason: -3 omega: 1.0 LS its: 0
 Time: 0.197198 It: 8 res: 8.47382e-06 norm res: 0.196562 res wall: 2.94819e-05 res fluid: 8.09488e-06 res wake: 7.23312e-07 Cl: 0.000146102 Cd: 0.00938831 Cm: -1.27415e-06 Circulation: 7.33733e-05 GMRES its: 50 reason: -3 omega: 1.0 LS its: 0
 Time: 0.219491 It: 9 res: 8.19261e-06 norm res: 0.190039 res wall: 2.93382e-05 res fluid: 7.80191e-06 res wake: 5.49136e-07 Cl: 0.00013293 Cd: 0.00937269 Cm: -9.19074e-07 Circulation: 6.69211e-05 GMRES its: 50 reason: -3 omega: 1.0 LS its: 0
 Time: 0.241431 It: 10 res: 8.34304e-06 norm res: 0.193528 res wall: 3.11168e-05 res fluid: 7.90761e-06 res wake: 4.20147e-07 Cl: 0.000122496 Cd: 0.00936671 Cm: -1.49362e-06 Circulation: 6.17152e-05 GMRES its: 50 reason: -3 omega: 1.0 LS its: 0
 Time: 0.262915 It: 11 res: 8.98347e-06 norm res: 0.208384 res wall: 3.5813e-05 res fluid: 8.44033e-06 res wake: 3.28333e-07 Cl: 0.00011387 Cd: 0.00937751 Cm: -2.43518e-06 Circulation: 5.73736e-05 GMRES its: 50 reason: -3 omega: 1.0 LS its: 0
 Time: 0.284897 It: 12 res: 1.02121e-05 norm res: 0.236885 res wall: 4.41268e-05 res fluid: 9.47507e-06 res wake: 2.62505e-07 Cl: 0.000106126 Cd: 0.00941395 Cm: -3.3411e-06 Circulation: 5.34248e-05 GMRES its: 50 reason: -3 omega: 1.0 LS its: 0
 Time: 0.307646 It: 13 res: 1.10105e-05 norm res: 0.255403 res wall: 4.93296e-05 res fluid: 1.01501e-05 res wake: 2.42792e-07 Cl: 0.000101112 Cd: 0.00944546 Cm: -3.9207e-06 Circulation: 5.08121e-05 GMRES its: 50 reason: -3 omega: 0.5 LS its: 1
 Time: 0.330452 It: 14 res: 1.19759e-05 norm res: 0.277798 res wall: 5.55006e-05 res fluid: 1.09681e-05 res wake: 2.21049e-07 Cl: 9.77644e-05 Cd: 0.00948404 Cm: -4.19144e-06 Circulation: 4.91216e-05 GMRES its: 50 reason: -3 omega: 0.5 LS its: 1
 Time: 0.352984 It: 15 res: 1.31226e-05 norm res: 0.304398 res wall: 6.27309e-05 res fluid: 1.19404e-05 res wake: 2.02926e-07 Cl: 9.45281e-05 Cd: 0.00952889 Cm: -4.42819e-06 Circulation: 4.7476e-05 GMRES its: 50 reason: -3 omega: 0.5 LS its: 1
 Time: 0.376013 It: 16 res: 1.44663e-05 norm res: 0.335565 res wall: 7.11111e-05 res fluid: 1.30807e-05 res wake: 1.87782e-07 Cl: 9.14481e-05 Cd: 0.00957955 Cm: -4.59666e-06 Circulation: 4.59094e-05 GMRES its: 50 reason: -3 omega: 0.5 LS its: 1
 Time: 0.398665 It: 17 res: 1.60099e-05 norm res: 0.371371 res wall: 8.0615e-05 res fluid: 1.43932e-05 res wake: 1.76031e-07 Cl: 8.82024e-05 Cd: 0.00963616 Cm: -4.75999e-06 Circulation: 4.42402e-05 GMRES its: 50 reason: -3 omega: 0.5 LS its: 1
 Time: 0.421725 It: 18 res: 1.7737e-05 norm res: 0.411435 res wall: 9.1113e-05 res fluid: 1.58655e-05 res wake: 1.65716e-07 Cl: 8.52343e-05 Cd: 0.00969952 Cm: -4.86911e-06 Circulation: 4.27172e-05 GMRES its: 50 reason: -3 omega: 0.5 LS its: 1
 Time: 0.444155 It: 19 res: 1.96853e-05 norm res: 0.456627 res wall: 0.000103311 res fluid: 1.75077e-05 res wake: 1.57118e-07 Cl: 8.23561e-05 Cd: 0.00976842 Cm: -4.94314e-06 Circulation: 4.12353e-05 GMRES its: 50 reason: -3 omega: 0.5 LS its: 1
 Time: 0.467902 It: 20 res: 2.19379e-05 norm res: 0.508879 res wall: 0.000117914 res fluid: 1.93799e-05 res wake: 1.5076e-07 Cl: 7.95885e-05 Cd: 0.00984119 Cm: -4.97236e-06 Circulation: 3.98078e-05 GMRES its: 50 reason: -3 omega: 0.5 LS its: 1
 Time: 0.490539 It: 21 res: 2.43205e-05 norm res: 0.564148 res wall: 0.000132264 res fluid: 2.14102e-05 res wake: 1.46517e-07 Cl: 7.6643e-05 Cd: 0.00991755 Cm: -4.86521e-06 Circulation: 3.83155e-05 GMRES its: 50 reason: -3 omega: 0.5 LS its: 1
 Time: 0.51314 It: 22 res: 2.63449e-05 norm res: 0.611105 res wall: 0.000141782 res fluid: 2.32644e-05 res wake: 1.43055e-07 Cl: 7.40357e-05 Cd: 0.00999694 Cm: -4.83208e-06 Circulation: 3.69768e-05 GMRES its: 50 reason: -3 omega: 0.5 LS its: 1
 Time: 0.53587 It: 23 res: 2.80482e-05 norm res: 0.650617 res wall: 0.000150268 res fluid: 2.48012e-05 res wake: 1.40409e-07 Cl: 7.15887e-05 Cd: 0.0100787 Cm: -4.67658e-06 Circulation: 3.57511e-05 GMRES its: 50 reason: -3 omega: 0.5 LS its: 1
 Time: 0.558228 It: 24 res: 3.06368e-05 norm res: 0.710662 res wall: 0.00017106 res fluid: 2.67506e-05 res wake: 1.39005e-07 Cl: 6.89692e-05 Cd: 0.0101625 Cm: -4.53552e-06 Circulation: 3.44154e-05 GMRES its: 50 reason: -3 omega: 0.5 LS its: 1
 Time: 0.580652 It: 25 res: 3.48649e-05 norm res: 0.80874 res wall: 0.000203059 res fluid: 3.00078e-05 res wake: 1.37099e-07 Cl: 6.64155e-05 Cd: 0.0102474 Cm: -4.34333e-06 Circulation: 3.3118e-05 GMRES its: 50 reason: -3 omega: 0.5 LS its: 1
 Time: 0.603067 It: 26 res: 3.91165e-05 norm res: 0.907362 res wall: 0.000224409 res fluid: 3.3847e-05 res wake: 1.35514e-07 Cl: 6.41468e-05 Cd: 0.0103325 Cm: -4.11476e-06 Circulation: 3.19715e-05 GMRES its: 50 reason: -3 omega: 0.5 LS its: 1
 Time: 0.625576 It: 27 res: 4.38814e-05 norm res: 1.01789 res wall: 0.000205655 res fluid: 4.00964e-05 res wake: 1.32102e-07 Cl: 6.13798e-05 Cd: 0.0105005 Cm: -3.45837e-06 Circulation: 3.06694e-05 GMRES its: 50 reason: -3 omega: 1.0 LS its: 0
 Time: 0.647662 It: 28 res: 4.10288e-05 norm res: 0.95172 res wall: 0.00020407 res fluid: 3.69961e-05 res wake: 1.52097e-07 Cl: 5.41368e-05 Cd: 0.0106606 Cm: -2.97582e-06 Circulation: 2.69585e-05 GMRES its: 50 reason: -3 omega: 1.0 LS its: 0
 Time: 0.670797 It: 29 res: 4.3546e-05 norm res: 1.01011 res wall: 0.000254628 res fluid: 3.74256e-05 res wake: 1.56193e-07 Cl: 5.49969e-05 Cd: 0.0107266 Cm: -2.56842e-06 Circulation: 2.74279e-05 GMRES its: 50 reason: -3 omega: 0.5 LS its: 1
 Time: 0.696666 It: 30 res: 4.78108e-05 norm res: 1.10904 res wall: 0.000289141 res fluid: 4.05658e-05 res wake: 1.67398e-07 Cl: 5.55791e-05 Cd: 0.0107869 Cm: -2.15357e-06 Circulation: 2.77077e-05 GMRES its: 50 reason: -3 omega: 0.5 LS its: 1
 Time: 0.719628 It: 31 res: 5.63202e-05 norm res: 1.30642 res wall: 0.00030001 res fluid: 4.98822e-05 res wake: 1.72077e-07 Cl: 5.34502e-05 Cd: 0.0109236 Cm: -1.26603e-06 Circulation: 2.65073e-05 GMRES its: 50 reason: -3 omega: 1.0 LS its: 0
 Time: 0.742125 It: 32 res: 4.98314e-05 norm res: 1.15591 res wall: 0.000168859 res fluid: 4.77306e-05 res wake: 1.66118e-07 Cl: 4.70221e-05 Cd: 0.011058 Cm: -1.26809e-07 Circulation: 2.32548e-05 GMRES its: 50 reason: -3 omega: 1.0 LS its: 0
 Time: 0.767959 It: 33 res: 4.06443e-05 norm res: 0.9428 res wall: 0.000147862 res fluid: 3.8637e-05 res wake: 1.47362e-07 Cl: 4.34438e-05 Cd: 0.0111734 Cm: 7.77194e-07 Circulation: 2.15335e-05 GMRES its: 50 reason: -3 omega: 1.0 LS its: 0
 Time: 0.790808 It: 34 res: 4.03641e-05 norm res: 0.936301 res wall: 0.000215171 res fluid: 3.57426e-05 res wake: 4.49571e-07 Cl: -1.65739e-05 Cd: 0.0112552 Cm: 5.34345e-06 Circulation: -9.99866e-06 GMRES its: 50 reason: -3 omega: 1.0 LS its: 0
 Time: 0.813291 It: 35 res: 4.12135e-05 norm res: 0.956003 res wall: 0.000221955 res fluid: 3.6387e-05 res wake: 1.66807e-07 Cl: 1.1301e-05 Cd: 0.0113149 Cm: 3.02081e-07 Circulation: 5.21329e-06 GMRES its: 50 reason: -3 omega: 1.0 LS its: 0
 Time: 0.836259 It: 36 res: 3.98782e-05 norm res: 0.925029 res wall: 0.000198746 res fluid: 3.59411e-05 res wake: 1.3126e-07 Cl: 1.18264e-05 Cd: 0.0113763 Cm: 9.84054e-07 Circulation: 5.53463e-06 GMRES its: 50 reason: -3 omega: 1.0 LS its: 0
 Time: 0.858414 It: 37 res: 3.56817e-05 norm res: 0.827685 res wall: 0.000151209 res fluid: 3.32141e-05 res wake: 1.11672e-07 Cl: 8.94806e-06 Cd: 0.011441 Cm: 1.61053e-06 Circulation: 4.19628e-06 GMRES its: 50 reason: -3 omega: 1.0 LS its: 0
 Time: 0.880733 It: 38 res: 2.94296e-05 norm res: 0.68266 res wall: 9.20697e-05 res fluid: 2.83932e-05 res wake: 9.03008e-08 Cl: 4.52968e-06 Cd: 0.0114887 Cm: 2.01448e-06 Circulation: 2.05732e-06 GMRES its: 50 reason: -3 omega: 1.0 LS its: 0
 Time: 0.903631 It: 39 res: 2.30281e-05 norm res: 0.534169 res wall: 4.51044e-05 res fluid: 2.27695e-05 res wake: 6.08922e-08 Cl: 2.51829e-06 Cd: 0.0115185 Cm: 1.47037e-06 Circulation: 1.14003e-06 GMRES its: 50 reason: -3 omega: 1.0 LS its: 0
 Time: 0.926124 It: 40 res: 1.83615e-05 norm res: 0.425921 res wall: 4.99302e-05 res fluid: 1.78933e-05 res wake: 2.52861e-08 Cl: 1.62468e-06 Cd: 0.0115217 Cm: 1.22792e-06 Circulation: 7.66721e-07 GMRES its: 50 reason: -3 omega: 1.0 LS its: 0
 Time: 0.948568 It: 41 res: 1.52129e-05 norm res: 0.352885 res wall: 5.69402e-05 res fluid: 1.44127e-05 res wake: 1.68392e-08 Cl: 8.88563e-07 Cd: 0.011519 Cm: 1.13728e-06 Circulation: 4.25978e-07 GMRES its: 50 reason: -3 omega: 1.0 LS its: 0
 Time: 0.970492 It: 42 res: 1.27939e-05 norm res: 0.296772 res wall: 5.57807e-05 res fluid: 1.18521e-05 res wake: 1.31985e-08 Cl: 2.91892e-07 Cd: 0.0115127 Cm: 9.8328e-07 Circulation: 1.44181e-07 GMRES its: 50 reason: -3 omega: 1.0 LS its: 0
 Time: 0.993038 It: 43 res: 1.07372e-05 norm res: 0.249063 res wall: 5.01472e-05 res fluid: 9.81801e-06 res wake: 1.09145e-08 Cl: -1.42523e-07 Cd: 0.011505 Cm: 8.24093e-07 Circulation: -5.49904e-08 GMRES its: 50 reason: -3 omega: 1.0 LS its: 0
 Time: 1.01548 It: 44 res: 8.95836e-06 norm res: 0.207801 res wall: 4.28375e-05 res fluid: 8.15075e-06 res wake: 1.10827e-08 Cl: -5.49633e-07 Cd: 0.0114971 Cm: 7.23456e-07 Circulation: -2.50517e-07 GMRES its: 50 reason: -3 omega: 1.0 LS its: 0
 Time: 1.03787 It: 45 res: 7.37186e-06 norm res: 0.171 res wall: 3.52002e-05 res fluid: 6.70939e-06 res wake: 9.71388e-09 Cl: -9.1196e-07 Cd: 0.0114891 Cm: 6.35247e-07 Circulation: -4.27626e-07 GMRES its: 50 reason: -3 omega: 1.0 LS its: 0
 Time: 1.0603 It: 46 res: 5.963e-06 norm res: 0.13832 res wall: 2.79333e-05 res fluid: 5.44918e-06 res wake: 9.31565e-09 Cl: -1.24186e-06 Cd: 0.0114814 Cm: 5.79459e-07 Circulation: -5.89687e-07 GMRES its: 50 reason: -3 omega: 1.0 LS its: 0
 Time: 1.08281 It: 47 res: 4.73572e-06 norm res: 0.109851 res wall: 2.13732e-05 res fluid: 4.35966e-06 res wake: 8.67371e-09 Cl: -1.52347e-06 Cd: 0.0114741 Cm: 5.47335e-07 Circulation: -7.311e-07 GMRES its: 50 reason: -3 omega: 1.0 LS its: 0
 Time: 1.10497 It: 48 res: 3.69251e-06 norm res: 0.0856528 res wall: 1.56709e-05 res fluid: 3.43632e-06 res wake: 7.89522e-09 Cl: -1.7387e-06 Cd: 0.0114675 Cm: 5.2637e-07 Circulation: -8.4292e-07 GMRES its: 50 reason: -3 omega: 1.0 LS its: 0
 Time: 1.12722 It: 49 res: 2.83329e-06 norm res: 0.065722 res wall: 1.08916e-05 res fluid: 2.67519e-06 res wake: 7.10432e-09 Cl: -1.85788e-06 Cd: 0.0114615 Cm: 4.98433e-07 Circulation: -9.08722e-07 GMRES its: 50 reason: -3 omega: 1.0 LS its: 0
 Time: 1.14922 It: 50 res: 2.1561e-06 norm res: 0.0500137 res wall: 7.0965e-06 res fluid: 2.07095e-06 res wake: 6.2561e-09 Cl: -1.85744e-06 Cd: 0.0114558 Cm: 4.46578e-07 Circulation: -9.14472e-07 GMRES its: 50 reason: -3 omega: 1.0 LS its: 0
 Time: 1.17146 It: 51 res: 1.65631e-06 norm res: 0.0384204 res wall: 4.39785e-06 res fluid: 1.61638e-06 res wake: 5.97712e-09 Cl: -1.74246e-06 Cd: 0.0114504 Cm: 3.69943e-07 Circulation: -8.60498e-07 GMRES its: 50 reason: -3 omega: 1.0 LS its: 0
 Time: 1.19384 It: 52 res: 1.32366e-06 norm res: 0.0307041 res wall: 3.10124e-06 res fluid: 1.30006e-06 res wake: 6.2314e-09 Cl: -1.53631e-06 Cd: 0.0114454 Cm: 2.72708e-07 Circulation: -7.56864e-07 GMRES its: 50 reason: -3 omega: 1.0 LS its: 0
 Time: 1.21616 It: 53 res: 1.13554e-06 norm res: 0.0263403 res wall: 3.25328e-06 res fluid: 1.10284e-06 res wake: 6.60199e-09 Cl: -1.2846e-06 Cd: 0.0114406 Cm: 1.67585e-07 Circulation: -6.27028e-07 GMRES its: 50 reason: -3 omega: 1.0 LS its: 0
 Time: 1.23822 It: 54 res: 1.05182e-06 norm res: 0.0243985 res wall: 3.97074e-06 res fluid: 9.95438e-07 res wake: 6.71676e-09 Cl: -1.06289e-06 Cd: 0.0114363 Cm: 7.23305e-08 Circulation: -5.12325e-07 GMRES its: 50 reason: -3 omega: 1.0 LS its: 0
 Time: 1.26088 It: 55 res: 1.02533e-06 norm res: 0.023784 res wall: 4.64246e-06 res fluid: 9.43336e-07 res wake: 6.62585e-09 Cl: -8.32844e-07 Cd: 0.0114324 Cm: -6.76636e-09 Circulation: -3.94791e-07 GMRES its: 50 reason: -3 omega: 1.0 LS its: 0
 Time: 1.28326 It: 56 res: 1.01913e-06 norm res: 0.0236401 res wall: 5.11599e-06 res fluid: 9.16905e-07 res wake: 6.26181e-09 Cl: -6.53521e-07 Cd: 0.0114289 Cm: -6.01833e-08 Circulation: -3.06932e-07 GMRES its: 50 reason: -3 omega: 1.0 LS its: 0
 Time: 1.30596 It: 57 res: 1.01231e-06 norm res: 0.0234819 res wall: 5.38343e-06 res fluid: 8.97017e-07 res wake: 5.75978e-09 Cl: -5.11822e-07 Cd: 0.011426 Cm: -9.36802e-08 Circulation: -2.40245e-07 GMRES its: 50 reason: -3 omega: 1.0 LS its: 0
 Time: 1.32843 It: 58 res: 9.95618e-07 norm res: 0.0230947 res wall: 5.47227e-06 res fluid: 8.73652e-07 res wake: 5.17502e-09 Cl: -4.00493e-07 Cd: 0.0114234 Cm: -1.11837e-07 Circulation: -1.89478e-07 GMRES its: 50 reason: -3 omega: 1.0 LS its: 0
 Time: 1.35045 It: 59 res: 9.66819e-07 norm res: 0.0224267 res wall: 5.41714e-06 res fluid: 8.43228e-07 res wake: 4.59354e-09 Cl: -3.02015e-07 Cd: 0.0114213 Cm: -1.19596e-07 Circulation: -1.44355e-07 GMRES its: 50 reason: -3 omega: 1.0 LS its: 0
 Time: 1.37243 It: 60 res: 9.26631e-07 norm res: 0.0214945 res wall: 5.25105e-06 res fluid: 8.05165e-07 res wake: 4.02267e-09 Cl: -2.08634e-07 Cd: 0.0114195 Cm: -1.21287e-07 Circulation: -1.00858e-07 GMRES its: 50 reason: -3 omega: 1.0 LS its: 0
 Time: 1.3949 It: 61 res: 8.76906e-07 norm res: 0.020341 res wall: 5.00192e-06 res fluid: 7.60275e-07 res wake: 3.49562e-09 Cl: -1.22557e-07 Cd: 0.0114182 Cm: -1.18189e-07 Circulation: -5.99644e-08 GMRES its: 50 reason: -3 omega: 1.0 LS its: 0
 Time: 1.41691 It: 62 res: 8.19959e-07 norm res: 0.0190201 res wall: 4.69259e-06 res fluid: 7.10097e-07 res wake: 3.0279e-09 Cl: -3.96011e-08 Cd: 0.011417 Cm: -1.13432e-07 Circulation: -1.99992e-08 GMRES its: 50 reason: -3 omega: 1.0 LS its: 0
 Time: 1.43948 It: 63 res: 7.57972e-07 norm res: 0.0175822 res wall: 4.34209e-06 res fluid: 6.56195e-07 res wake: 2.46005e-09 Cl: 2.45825e-08 Cd: 0.0114162 Cm: -1.01183e-07 Circulation: 1.13765e-08 GMRES its: 50 reason: -3 omega: 1.0 LS its: 0
 Time: 1.46189 It: 64 res: 6.93e-07 norm res: 0.0160751 res wall: 3.9665e-06 res fluid: 6.00123e-07 res wake: 1.95902e-09 Cl: 7.14867e-08 Cd: 0.0114155 Cm: -8.22931e-08 Circulation: 3.50164e-08 GMRES its: 50 reason: -3 omega: 1.0 LS its: 0
 Time: 1.48413 It: 65 res: 6.26827e-07 norm res: 0.0145401 res wall: 3.57913e-06 res fluid: 5.43266e-07 res wake: 1.36756e-09 Cl: 1.053e-07 Cd: 0.0114151 Cm: -6.09861e-08 Circulation: 5.2171e-08 GMRES its: 50 reason: -3 omega: 1.0 LS its: 0
 Time: 1.50653 It: 66 res: 5.61199e-07 norm res: 0.0130178 res wall: 3.19214e-06 res fluid: 4.87021e-07 res wake: 6.94127e-10 Cl: 1.33145e-07 Cd: 0.011415 Cm: -5.18403e-08 Circulation: 6.58882e-08 GMRES its: 50 reason: -3 omega: 1.0 LS its: 0
 Time: 1.52878 It: 67 res: 4.97456e-07 norm res: 0.0115392 res wall: 2.81466e-06 res fluid: 4.32471e-07 res wake: 3.46379e-10 Cl: 1.4343e-07 Cd: 0.0114149 Cm: -4.41523e-08 Circulation: 7.08764e-08 GMRES its: 50 reason: -3 omega: 1.0 LS its: 0
 Time: 1.55153 It: 68 res: 4.36526e-07 norm res: 0.0101258 res wall: 2.45293e-06 res fluid: 3.80366e-07 res wake: 2.26996e-10 Cl: 1.49455e-07 Cd: 0.0114148 Cm: -3.92869e-08 Circulation: 7.37317e-08 GMRES its: 50 reason: -3 omega: 1.0 LS its: 0
 Time: 1.57391 It: 69 res: 3.79108e-07 norm res: 0.00879393 res wall: 2.11152e-06 res fluid: 3.31282e-07 res wake: 1.94415e-10 Cl: 1.55108e-07 Cd: 0.0114147 Cm: -3.6807e-08 Circulation: 7.65182e-08 GMRES its: 50 reason: -3 omega: 1.0 LS its: 0
 Time: 1.59622 It: 70 res: 3.25721e-07 norm res: 0.00755554 res wall: 1.79357e-06 res fluid: 2.85656e-07 res wake: 1.873e-10 Cl: 1.59192e-07 Cd: 0.0114147 Cm: -3.51047e-08 Circulation: 7.86606e-08 GMRES its: 50 reason: -3 omega: 1.0 LS its: 0
 Time: 1.61843 It: 71 res: 2.76698e-07 norm res: 0.00641838 res wall: 1.50103e-06 res fluid: 2.4377e-07 res wake: 1.9069e-10 Cl: 1.6075e-07 Cd: 0.0114148 Cm: -3.34298e-08 Circulation: 7.96162e-08 GMRES its: 50 reason: -3 omega: 1.0 LS its: 0
 Time: 1.64059 It: 72 res: 2.3223e-07 norm res: 0.0053869 res wall: 1.23492e-06 res fluid: 2.05785e-07 res wake: 2.05247e-10 Cl: 1.58952e-07 Cd: 0.0114148 Cm: -3.12818e-08 Circulation: 7.88856e-08 GMRES its: 50 reason: -3 omega: 1.0 LS its: 0
 Time: 1.66291 It: 73 res: 1.92404e-07 norm res: 0.00446308 res wall: 9.95602e-07 res fluid: 1.71773e-07 res wake: 2.35396e-10 Cl: 1.53502e-07 Cd: 0.0114149 Cm: -2.84302e-08 Circulation: 7.62791e-08 GMRES its: 50 reason: -3 omega: 1.0 LS its: 0
 Time: 1.68524 It: 74 res: 1.57244e-07 norm res: 0.00364748 res wall: 7.83062e-07 res fluid: 1.41746e-07 res wake: 2.78512e-10 Cl: 1.44869e-07 Cd: 0.0114151 Cm: -2.48779e-08 Circulation: 7.20157e-08 GMRES its: 50 reason: -3 omega: 1.0 LS its: 0
 Time: 1.70726 It: 75 res: 1.26739e-07 norm res: 0.00293987 res wall: 5.97022e-07 res fluid: 1.15683e-07 res wake: 3.25236e-10 Cl: 1.34208e-07 Cd: 0.0114152 Cm: -2.08128e-08 Circulation: 6.66583e-08 GMRES its: 50 reason: -3 omega: 1.0 LS its: 0
 Time: 1.72918 It: 76 res: 1.00875e-07 norm res: 0.00233992 res wall: 4.37202e-07 res fluid: 9.35453e-08 res wake: 3.65256e-10 Cl: 1.22749e-07 Cd: 0.0114154 Cm: -1.64759e-08 Circulation: 6.0799e-08 GMRES its: 50 reason: -3 omega: 1.0 LS its: 0
 Time: 1.75152 It: 77 res: 7.9665e-08 norm res: 0.00184794 res wall: 3.03849e-07 res fluid: 7.52963e-08 res wake: 3.91744e-10 Cl: 1.11311e-07 Cd: 0.0114156 Cm: -1.20985e-08 Circulation: 5.48347e-08 GMRES its: 50 reason: -3 omega: 1.0 LS its: 0
 Time: 1.77443 It: 78 res: 6.31573e-08 norm res: 0.00146502 res wall: 1.99096e-07 res fluid: 6.08944e-08 res wake: 4.01394e-10 Cl: 1.00206e-07 Cd: 0.0114157 Cm: -7.96312e-09 Circulation: 4.89888e-08 GMRES its: 50 reason: -3 omega: 1.0 LS its: 0
 Time: 1.79687 It: 79 res: 5.13525e-08 norm res: 0.00119119 res wall: 1.30527e-07 res fluid: 5.02364e-08 res wake: 3.93047e-10 Cl: 8.94854e-08 Cd: 0.0114159 Cm: -4.36503e-09 Circulation: 4.33899e-08 GMRES its: 50 reason: -3 omega: 1.0 LS its: 0
 Time: 1.81905 It: 80 res: 4.39742e-08 norm res: 0.00102004 res wall: 1.11104e-07 res fluid: 4.30321e-08 res wake: 3.6896e-10 Cl: 7.91424e-08 Cd: 0.011416 Cm: -1.4993e-09 Circulation: 3.81272e-08 GMRES its: 50 reason: -3 omega: 1.0 LS its: 0
 Time: 1.84071 It: 81 res: 4.01936e-08 norm res: 0.000932346 res wall: 1.29617e-07 res fluid: 3.86776e-08 res wake: 3.36074e-10 Cl: 6.92949e-08 Cd: 0.0114161 Cm: 6.17364e-10 Circulation: 3.32757e-08 GMRES its: 50 reason: -3 omega: 1.0 LS its: 0
 Time: 1.86373 It: 82 res: 3.87113e-08 norm res: 0.000897963 res wall: 1.56605e-07 res fluid: 3.6294e-08 res wake: 3.00916e-10 Cl: 6.01381e-08 Cd: 0.0114162 Cm: 2.05434e-09 Circulation: 2.8884e-08 GMRES its: 50 reason: -3 omega: 1.0 LS its: 0
 Time: 1.88616 It: 83 res: 3.82535e-08 norm res: 0.000887343 res wall: 1.78758e-07 res fluid: 3.49749e-08 res wake: 2.67107e-10 Cl: 5.14553e-08 Cd: 0.0114163 Cm: 2.96951e-09 Circulation: 2.47771e-08 GMRES its: 50 reason: -3 omega: 1.0 LS its: 0
 Time: 1.90838 It: 84 res: 3.79417e-08 norm res: 0.000880109 res wall: 1.93021e-07 res fluid: 3.40227e-08 res wake: 2.35863e-10 Cl: 4.28699e-08 Cd: 0.0114163 Cm: 3.54255e-09 Circulation: 2.07134e-08 GMRES its: 50 reason: -3 omega: 1.0 LS its: 0
 Time: 1.93053 It: 85 res: 3.73163e-08 norm res: 0.000865603 res wall: 1.99519e-07 res fluid: 3.30155e-08 res wake: 2.06963e-10 Cl: 3.43293e-08 Cd: 0.0114164 Cm: 3.87722e-09 Circulation: 1.66392e-08 GMRES its: 50 reason: -3 omega: 1.0 LS its: 0
 Time: 1.9525 It: 86 res: 3.62072e-08 norm res: 0.000839875 res wall: 1.99348e-07 res fluid: 3.17548e-08 res wake: 1.79734e-10 Cl: 2.61005e-08 Cd: 0.0114164 Cm: 4.0067e-09 Circulation: 1.26772e-08 GMRES its: 50 reason: -3 omega: 1.0 LS its: 0
 Time: 1.97464 It: 87 res: 3.46056e-08 norm res: 0.000802724 res wall: 1.93832e-07 res fluid: 3.01851e-08 res wake: 1.5349e-10 Cl: 1.85774e-08 Cd: 0.0114165 Cm: 3.9213e-09 Circulation: 9.02173e-09 GMRES its: 50 reason: -3 omega: 1.0 LS its: 0
 Time: 1.99661 It: 88 res: 3.25802e-08 norm res: 0.000755742 res wall: 1.8425e-07 res fluid: 2.83288e-08 res wake: 1.27774e-10 Cl: 1.21106e-08 Cd: 0.0114165 Cm: 3.58056e-09 Circulation: 5.85005e-09 GMRES its: 50 reason: -3 omega: 1.0 LS its: 0
 Time: 2.01916 It: 89 res: 3.02283e-08 norm res: 0.000701188 res wall: 1.7173e-07 res fluid: 2.62438e-08 res wake: 1.01802e-10 Cl: 6.8405e-09 Cd: 0.0114165 Cm: 2.95708e-09 Circulation: 3.24394e-09 GMRES its: 50 reason: -3 omega: 1.0 LS its: 0
 Time: 2.04159 It: 90 res: 2.76545e-08 norm res: 0.000641484 res wall: 1.57244e-07 res fluid: 2.40021e-08 res wake: 7.02073e-11 Cl: 2.75103e-09 Cd: 0.0114165 Cm: 2.34599e-09 Circulation: 1.23563e-09 GMRES its: 50 reason: -3 omega: 1.0 LS its: 0
 Time: 2.06386 It: 91 res: 2.49657e-08 norm res: 0.000579113 res wall: 1.41663e-07 res fluid: 2.16835e-08 res wake: 4.09273e-11 Cl: 2.07262e-10 Cd: 0.0114165 Cm: 1.89448e-09 Circulation: 6.01248e-12 GMRES its: 50 reason: -3 omega: 1.0 LS its: 0
 Time: 2.0864 It: 92 res: 2.22491e-08 norm res: 0.000516099 res wall: 1.25663e-07 res fluid: 1.93541e-08 res wake: 2.3205e-11 Cl: -1.06294e-09 Cd: 0.0114165 Cm: 1.43168e-09 Circulation: -5.88417e-10 GMRES its: 50 reason: -3 omega: 1.0 LS its: 0
 Time: 2.10832 It: 93 res: 1.95758e-08 norm res: 0.000454088 res wall: 1.09774e-07 res fluid: 1.70688e-08 res wake: 1.58204e-11 Cl: -1.93727e-09 Cd: 0.0114165 Cm: 1.11931e-09 Circulation: -9.93547e-10 GMRES its: 50 reason: -3 omega: 1.0 LS its: 0
 Time: 2.13032 It: 94 res: 1.7004e-08 norm res: 0.000394431 res wall: 9.44119e-08 res fluid: 1.48737e-08 res wake: 1.31073e-11 Cl: -2.68632e-09 Cd: 0.0114165 Cm: 9.49614e-10 Circulation: -1.35126e-09 GMRES its: 50 reason: -3 omega: 1.0 LS its: 0
 Time: 2.15249 It: 95 res: 1.45794e-08 norm res: 0.00033819 res wall: 7.98877e-08 res fluid: 1.28055e-08 res wake: 1.19903e-11 Cl: -3.34889e-09 Cd: 0.0114165 Cm: 8.68084e-10 Circulation: -1.67741e-09 GMRES its: 50 reason: -3 omega: 1.0 LS its: 0
 Time: 2.1753 It: 96 res: 1.23355e-08 norm res: 0.00028614 res wall: 6.64196e-08 res fluid: 1.08916e-08 res wake: 1.13293e-11 Cl: -3.89797e-09 Cd: 0.0114165 Cm: 8.27471e-10 Circulation: -1.9546e-09 GMRES its: 50 reason: -3 omega: 1.0 LS its: 0
 Time: 2.19771 It: 97 res: 1.02946e-08 norm res: 0.000238797 res wall: 5.4143e-08 res fluid: 9.15044e-09 res wake: 1.0902e-11 Cl: -4.28831e-09 Cd: 0.0114165 Cm: 7.92351e-10 Circulation: -2.15563e-09 GMRES its: 50 reason: -3 omega: 1.0 LS its: 0
 Time: 2.22003 It: 98 res: 8.46975e-09 norm res: 0.000196467 res wall: 4.31293e-08 res fluid: 7.59307e-09 res wake: 1.10264e-11 Cl: -4.48661e-09 Cd: 0.0114165 Cm: 7.37661e-10 Circulation: -2.25965e-09 GMRES its: 50 reason: -3 omega: 1.0 LS its: 0
 Time: 2.2424 It: 99 res: 6.86782e-09 norm res: 0.000159309 res wall: 3.34067e-08 res fluid: 6.22503e-09 res wake: 1.20322e-11 Cl: -4.49268e-09 Cd: 0.0114165 Cm: 6.51202e-10 Circulation: -2.26401e-09 GMRES its: 50 reason: -3 omega: 1.0 LS its: 0
 Time: 2.26445 It: 100 res: 5.49158e-09 norm res: 0.000127385 res wall: 2.49759e-08 res fluid: 5.04808e-09 res wake: 1.37299e-11 Cl: -4.34588e-09 Cd: 0.0114165 Cm: 5.33581e-10 Circulation: -2.18683e-09 GMRES its: 50 reason: -3 omega: 1.0 LS its: 0
 Time: 2.28642 It: 101 res: 4.34215e-09 norm res: 0.000100722 res wall: 1.78337e-08 res fluid: 4.06183e-09 res wake: 1.55105e-11 Cl: -4.10625e-09 Cd: 0.0114165 Cm: 3.93013e-10 Circulation: -2.05628e-09 GMRES its: 50 reason: -3 omega: 1.0 LS its: 0
 Time: 2.30826 It: 102 res: 3.42105e-09 norm res: 7.93559e-05 res wall: 1.20171e-08 res fluid: 3.26476e-09 res wake: 1.68276e-11 Cl: -3.8243e-09 Cd: 0.0114165 Cm: 2.43141e-10 Circulation: -1.89896e-09 GMRES its: 50 reason: -3 omega: 1.0 LS its: 0
 Time: 2.33085 It: 103 res: 2.72973e-09 norm res: 6.33197e-05 res wall: 7.71273e-09 res fluid: 2.65362e-09 res wake: 1.73634e-11 Cl: -3.53083e-09 Cd: 0.0114164 Cm: 1.00827e-10 Circulation: -1.73442e-09 GMRES its: 50 reason: -3 omega: 1.0 LS its: 0
 Time: 2.35339 It: 104 res: 2.26292e-09 norm res: 5.24915e-05 res wall: 5.46458e-09 res fluid: 2.21946e-09 res wake: 1.70113e-11 Cl: -3.23899e-09 Cd: 0.0114164 Cm: -1.77771e-11 Circulation: -1.57503e-09 GMRES its: 50 reason: -3 omega: 1.0 LS its: 0
 Time: 2.3759 It: 105 res: 1.995e-09 norm res: 4.62767e-05 res wall: 5.56728e-09 res fluid: 1.94096e-09 res wake: 1.59432e-11 Cl: -2.9521e-09 Cd: 0.0114164 Cm: -1.04479e-10 Circulation: -1.42666e-09 GMRES its: 50 reason: -3 omega: 1.0 LS its: 0
 Time: 2.39796 It: 106 res: 1.87259e-09 norm res: 4.34373e-05 res wall: 6.77594e-09 res fluid: 1.7812e-09 res wake: 1.4529e-11 Cl: -2.67477e-09 Cd: 0.0114164 Cm: -1.60621e-10 Circulation: -1.29097e-09 GMRES its: 50 reason: -3 omega: 1.0 LS its: 0
 Time: 2.42017 It: 107 res: 1.83019e-09 norm res: 4.24537e-05 res wall: 7.98795e-09 res fluid: 1.69515e-09 res wake: 1.30428e-11 Cl: -2.40583e-09 Cd: 0.0114164 Cm: -1.92076e-10 Circulation: -1.16404e-09 GMRES its: 50 reason: -3 omega: 1.0 LS its: 0
 Time: 2.44268 It: 108 res: 1.81438e-09 norm res: 4.2087e-05 res wall: 8.86577e-09 res fluid: 1.64286e-09 res wake: 1.1598e-11 Cl: -2.12769e-09 Cd: 0.0114164 Cm: -2.07421e-10 Circulation: -1.03379e-09 GMRES its: 50 reason: -3 omega: 1.0 LS its: 0
 Time: 2.46507 It: 109 res: 1.79314e-09 norm res: 4.15944e-05 res wall: 9.35976e-09 res fluid: 1.59715e-09 res wake: 1.02265e-11 Cl: -1.82852e-09 Cd: 0.0114164 Cm: -2.13077e-10 Circulation: -8.92359e-10 GMRES its: 50 reason: -3 omega: 1.0 LS its: 0
 Time: 2.48757 It: 110 res: 1.75196e-09 norm res: 4.06391e-05 res wall: 9.50588e-09 res fluid: 1.54338e-09 res wake: 8.93446e-12 Cl: -1.51419e-09 Cd: 0.0114164 Cm: -2.11608e-10 Circulation: -7.41823e-10 GMRES its: 50 reason: -3 omega: 1.0 LS its: 0
 Time: 2.50972 It: 111 res: 1.68708e-09 norm res: 3.91342e-05 res wall: 9.36514e-09 res fluid: 1.47583e-09 res wake: 7.71168e-12 Cl: -1.20237e-09 Cd: 0.0114164 Cm: -2.03037e-10 Circulation: -5.90692e-10 GMRES its: 50 reason: -3 omega: 1.0 LS its: 0
 Time: 2.53194 It: 112 res: 1.60034e-09 norm res: 3.71221e-05 res wall: 9.00185e-09 res fluid: 1.39399e-09 res wake: 6.53546e-12 Cl: -9.13369e-10 Cd: 0.0114164 Cm: -1.85911e-10 Circulation: -4.49043e-10 GMRES its: 50 reason: -3 omega: 1.0 LS its: 0
 Time: 2.55379 It: 113 res: 1.49596e-09 norm res: 3.47009e-05 res wall: 8.47467e-09 res fluid: 1.3e-09 res wake: 5.38952e-12 Cl: -6.63239e-10 Cd: 0.0114164 Cm: -1.5763e-10 Circulation: -3.25046e-10 GMRES its: 50 reason: -3 omega: 1.0 LS its: 0
 Time: 2.57625 It: 114 res: 1.37882e-09 norm res: 3.19837e-05 res wall: 7.83362e-09 res fluid: 1.19705e-09 res wake: 4.19252e-12 Cl: -4.54174e-10 Cd: 0.0114164 Cm: -1.19641e-10 Circulation: -2.20645e-10 GMRES its: 50 reason: -3 omega: 1.0 LS its: 0
 Time: 2.59846 It: 115 res: 1.2539e-09 norm res: 2.9086e-05 res wall: 7.12184e-09 res fluid: 1.08871e-09 res wake: 2.70263e-12 Cl: -2.91585e-10 Cd: 0.0114164 Cm: -9.24561e-11 Circulation: -1.40552e-10 GMRES its: 50 reason: -3 omega: 1.0 LS its: 0
 Time: 2.62102 It: 116 res: 1.1259e-09 norm res: 2.61168e-05 res wall: 6.37614e-09 res fluid: 9.78528e-10 res wake: 1.53879e-12 Cl: -1.96192e-10 Cd: 0.0114164 Cm: -6.95468e-11 Circulation: -9.42617e-11 GMRES its: 50 reason: -3 omega: 1.0 LS its: 0
 Time: 2.64306 It: 117 res: 9.98438e-10 norm res: 2.31601e-05 res wall: 5.62412e-09 res fluid: 8.69291e-10 res wake: 9.3093e-13 Cl: -1.43723e-10 Cd: 0.0114164 Cm: -4.82352e-11 Circulation: -6.94681e-11 GMRES its: 50 reason: -3 omega: 1.0 LS its: 0
 Time: 2.66534 It: 118 res: 8.74453e-10 norm res: 2.02841e-05 res wall: 4.88726e-09 res fluid: 7.63293e-10 res wake: 6.96386e-13 Cl: -1.01752e-10 Cd: 0.0114164 Cm: -3.46186e-11 Circulation: -4.9533e-11 GMRES its: 50 reason: -3 omega: 1.0 LS its: 0
 Time: 2.68764 It: 119 res: 7.56313e-10 norm res: 1.75437e-05 res wall: 4.18217e-09 res fluid: 6.62414e-10 res wake: 6.11557e-13 Cl: -6.28478e-11 Cd: 0.0114164 Cm: -2.71478e-11 Circulation: -3.0527e-11 GMRES its: 50 reason: -3 omega: 1.0 LS its: 0
 Time: 2.70954 It: 120 res: 6.45825e-10 norm res: 1.49808e-05 res wall: 3.52102e-09 res fluid: 5.68116e-10 res wake: 5.79029e-13 Cl: -2.64339e-11 Cd: 0.0114164 Cm: -2.34081e-11 Circulation: -1.23442e-11 GMRES its: 50 reason: -3 omega: 1.0 LS its: 0
 Time: 2.73149 It: 121 res: 5.44265e-10 norm res: 1.2625e-05 res wall: 2.91196e-09 res fluid: 4.81444e-10 res wake: 5.60127e-13 Cl: 5.93633e-12 Cd: 0.0114164 Cm: -2.14501e-11 Circulation: 4.09588e-12 GMRES its: 50 reason: -3 omega: 1.0 LS its: 0
 Time: 2.75384 It: 122 res: 4.52438e-10 norm res: 1.04949e-05 res wall: 2.3598e-09 res fluid: 4.03069e-10 res wake: 5.48729e-13 Cl: 3.22211e-11 Cd: 0.0114164 Cm: -1.97723e-11 Circulation: 1.75669e-11 GMRES its: 50 reason: -3 omega: 1.0 LS its: 0
 Time: 2.77633 It: 123 res: 3.70798e-10 norm res: 8.60117e-06 res wall: 1.86683e-09 res fluid: 3.33365e-10 res wake: 5.6154e-13 Cl: 5.11458e-11 Cd: 0.0114164 Cm: -1.73732e-11 Circulation: 2.72725e-11 GMRES its: 50 reason: -3 omega: 1.0 LS its: 0
 Time: 2.79954 It: 124 res: 2.99552e-10 norm res: 6.94853e-06 res wall: 1.4337e-09 res fluid: 2.72494e-10 res wake: 6.06018e-13 Cl: 6.28012e-11 Cd: 0.0114164 Cm: -1.37853e-11 Circulation: 3.3159e-11 GMRES its: 50 reason: -3 omega: 1.0 LS its: 0
 Time: 2.82176 It: 125 res: 2.3877e-10 norm res: 5.53861e-06 res wall: 1.06014e-09 res fluid: 2.20478e-10 res wake: 6.7692e-13 Cl: 6.8728e-11 Cd: 0.0114164 Cm: -9.0369e-12 Circulation: 3.59025e-11 GMRES its: 50 reason: -3 omega: 1.0 LS its: 0
 Time: 2.84418 It: 126 res: 1.88491e-10 norm res: 4.3723e-06 res wall: 7.46199e-10 res fluid: 1.77269e-10 res wake: 7.46472e-13 Cl: 7.08508e-11 Cd: 0.0114164 Cm: -3.45244e-12 Circulation: 3.64185e-11 GMRES its: 50 reason: -3 omega: 1.0 LS its: 0
 Time: 2.86665 It: 127 res: 1.48793e-10 norm res: 3.45145e-06 res wall: 4.94815e-10 res fluid: 1.42779e-10 res wake: 7.92295e-13 Cl: 7.07623e-11 Cd: 0.0114164 Cm: 2.37221e-12 Circulation: 3.55804e-11 GMRES its: 50 reason: -3 omega: 1.0 LS its: 0
 Time: 2.88894 It: 128 res: 1.19712e-10 norm res: 2.77688e-06 res wall: 3.18418e-10 res fluid: 1.16814e-10 res wake: 8.02397e-13 Cl: 6.93085e-11 Cd: 0.0114164 Cm: 7.6782e-12 Circulation: 3.40449e-11 GMRES its: 50 reason: -3 omega: 1.0 LS its: 0
 Time: 2.91127 It: 129 res: 1.00823e-10 norm res: 2.33872e-06 res wall: 2.45909e-10 res fluid: 9.88388e-11 res wake: 7.72825e-13 Cl: 6.68082e-11 Cd: 0.0114164 Cm: 1.18115e-11 Circulation: 3.22362e-11 GMRES its: 50 reason: -3 omega: 1.0 LS its: 0
 Time: 2.93371 It: 130 res: 9.05872e-11 norm res: 2.10129e-06 res wall: 2.72476e-10 res fluid: 8.76702e-11 res wake: 7.16154e-13 Cl: 6.34366e-11 Cd: 0.0114164 Cm: 1.45336e-11 Circulation: 3.03818e-11 GMRES its: 50 reason: -3 omega: 1.0 LS its: 0
 Time: 2.95617 It: 131 res: 8.62641e-11 norm res: 2.00101e-06 res wall: 3.31924e-10 res fluid: 8.14407e-11 res wake: 6.48627e-13 Cl: 5.96294e-11 Cd: 0.0114164 Cm: 1.59432e-11 Circulation: 2.86261e-11 GMRES its: 50 reason: -3 omega: 1.0 LS its: 0
 Time: 2.97863 It: 132 res: 8.48769e-11 norm res: 1.96884e-06 res wall: 3.84802e-10 res fluid: 7.80697e-11 res wake: 5.78225e-13 Cl: 5.51756e-11 Cd: 0.0114164 Cm: 1.63596e-11 Circulation: 2.67071e-11 GMRES its: 50 reason: -3 omega: 1.0 LS its: 0
 Time: 3.00062 It: 133 res: 8.42124e-11 norm res: 1.95342e-06 res wall: 4.20808e-10 res fluid: 7.58501e-11 res wake: 5.11542e-13 Cl: 4.9302e-11 Cd: 0.0114164 Cm: 1.61692e-11 Circulation: 2.41047e-11 GMRES its: 50 reason: -3 omega: 1.0 LS its: 0
 Time: 3.02281 It: 134 res: 8.30367e-11 norm res: 1.92615e-06 res wall: 4.39204e-10 res fluid: 7.36918e-11 res wake: 4.46244e-13 Cl: 4.18196e-11 Cd: 0.0114164 Cm: 1.55976e-11 Circulation: 2.06546e-11 GMRES its: 50 reason: -3 omega: 1.0 LS its: 0
 Time: 3.04499 It: 135 res: 8.08417e-11 norm res: 1.87523e-06 res wall: 4.42126e-10 res fluid: 7.1047e-11 res wake: 3.84981e-13 Cl: 3.32171e-11 Cd: 0.0114164 Cm: 1.47293e-11 Circulation: 1.65694e-11 GMRES its: 50 reason: -3 omega: 1.0 LS its: 0
 Time: 3.06728 It: 136 res: 7.75434e-11 norm res: 1.79872e-06 res wall: 4.32503e-10 res fluid: 6.77304e-11 res wake: 3.25799e-13 Cl: 2.44857e-11 Cd: 0.0114164 Cm: 1.35235e-11 Circulation: 1.23355e-11 GMRES its: 50 reason: -3 omega: 1.0 LS its: 0
 Time: 3.08948 It: 137 res: 7.32683e-11 norm res: 1.69956e-06 res wall: 4.13272e-10 res fluid: 6.37627e-11 res wake: 2.72096e-13 Cl: 1.65569e-11 Cd: 0.0114164 Cm: 1.18914e-11 Circulation: 8.41576e-12 GMRES its: 50 reason: -3 omega: 1.0 LS its: 0
 Time: 3.11127 It: 138 res: 6.82274e-11 norm res: 1.58263e-06 res wall: 3.87053e-10 res fluid: 5.92623e-11 res wake: 2.2085e-13 Cl: 1.02482e-11 Cd: 0.0114164 Cm: 9.65438e-12 Circulation: 5.23051e-12 GMRES its: 50 reason: -3 omega: 1.0 LS its: 0
 Time: 3.13317 It: 139 res: 6.26493e-11 norm res: 1.45324e-06 res wall: 3.56073e-10 res fluid: 5.4383e-11 res wake: 1.58514e-13 Cl: 5.29396e-12 Cd: 0.0114164 Cm: 7.20721e-12 Circulation: 2.7086e-12 GMRES its: 50 reason: -3 omega: 1.0 LS its: 0
 Time: 3.15517 It: 140 res: 5.67694e-11 norm res: 1.31684e-06 res wall: 3.22291e-10 res fluid: 4.92977e-11 res wake: 9.19832e-14 Cl: 1.22598e-12 Cd: 0.0114164 Cm: 5.83893e-12 Circulation: 6.81277e-13 GMRES its: 50 reason: -3 omega: 1.0 LS its: 0
 Time: 3.17751 It: 141 res: 5.07934e-11 norm res: 1.17822e-06 res wall: 2.87304e-10 res fluid: 4.41625e-11 res wake: 4.87152e-14 Cl: -6.95912e-13 Cd: 0.0114164 Cm: 4.63599e-12 Circulation: -2.66189e-13 GMRES its: 50 reason: -3 omega: 1.0 LS its: 0
 Time: 3.19993 It: 142 res: 4.48814e-11 norm res: 1.04108e-06 res wall: 2.52319e-10 res fluid: 3.91012e-11 res wake: 3.19258e-14 Cl: -1.70172e-12 Cd: 0.0114164 Cm: 3.64857e-12 Circulation: -7.56092e-13 GMRES its: 50 reason: -3 omega: 1.0 LS its: 0
 Time: 3.2218 It: 143 res: 3.91642e-11 norm res: 9.08467e-07 res wall: 2.18279e-10 res fluid: 3.42162e-11 res wake: 2.54554e-14 Cl: -2.5332e-12 Cd: 0.0114164 Cm: 2.96906e-12 Circulation: -1.17488e-12 GMRES its: 50 reason: -3 omega: 1.0 LS its: 0
 Time: 3.24374 It: 144 res: 3.37459e-11 norm res: 7.82782e-07 res wall: 1.85904e-10 res fluid: 2.95909e-11 res wake: 2.45125e-14 Cl: -3.3093e-12 Cd: 0.0114164 Cm: 2.5142e-12 Circulation: -1.58333e-12 GMRES its: 50 reason: -3 omega: 1.0 LS its: 0
 Time: 3.26593 It: 145 res: 2.87042e-11 norm res: 6.65834e-07 res wall: 1.5571e-10 res fluid: 2.52885e-11 res wake: 2.30092e-14 Cl: -3.99753e-12 Cd: 0.0114164 Cm: 2.19635e-12 Circulation: -1.95667e-12 GMRES its: 50 reason: -3 omega: 1.0 LS its: 0
 Time: 3.28856 It: 146 res: 2.40925e-11 norm res: 5.58858e-07 res wall: 1.28033e-10 res fluid: 2.13528e-11 res wake: 2.38141e-14 Cl: -4.45671e-12 Cd: 0.0114164 Cm: 1.92263e-12 Circulation: -2.21726e-12 GMRES its: 50 reason: -3 omega: 1.0 LS its: 0
 Time: 3.31121 It: 147 res: 1.99432e-11 norm res: 4.6261e-07 res wall: 1.03057e-10 res fluid: 1.78111e-11 res wake: 2.47706e-14 Cl: -4.64928e-12 Cd: 0.0114164 Cm: 1.65473e-12 Circulation: -2.34031e-12 GMRES its: 50 reason: -3 omega: 1.0 LS its: 0
 Time: 3.33347 It: 148 res: 1.62738e-11 norm res: 3.77493e-07 res wall: 8.08636e-11 res fluid: 1.46777e-11 res wake: 2.58168e-14 Cl: -4.54348e-12 Cd: 0.0114164 Cm: 1.35409e-12 Circulation: -2.30474e-12 GMRES its: 50 reason: -3 omega: 1.0 LS its: 0
 Time: 3.35594 It: 149 res: 1.30915e-11 norm res: 3.03674e-07 res wall: 6.1466e-11 res fluid: 1.19577e-11 res wake: 3.03504e-14 Cl: -4.22929e-12 Cd: 0.0114164 Cm: 1.02291e-12 Circulation: -2.1537e-12 GMRES its: 50 reason: -3 omega: 1.0 LS its: 0
 Time: 3.3782 It: 150 res: 1.03985e-11 norm res: 2.41207e-07 res wall: 4.48479e-11 res fluid: 9.65104e-12 res wake: 3.37159e-14 Cl: -3.75949e-12 Cd: 0.0114164 Cm: 6.52751e-13 Circulation: -1.90863e-12 GMRES its: 50 reason: -3 omega: 1.0 LS its: 0
 Time: 3.39997 It: 151 res: 8.19693e-12 norm res: 1.90139e-07 res wall: 3.10329e-11 res fluid: 7.75473e-12 res wake: 3.68649e-14 Cl: -3.34765e-12 Cd: 0.0114164 Cm: 2.99104e-13 Circulation: -1.6797e-12 GMRES its: 50 reason: -3 omega: 1.0 LS its: 0
 Time: 3.42199 It: 152 res: 6.49073e-12 norm res: 1.50561e-07 res wall: 2.02421e-11 res fluid: 6.26378e-12 res wake: 3.81135e-14 Cl: -2.9578e-12 Cd: 0.0114164 Cm: -3.95729e-14 Circulation: -1.45213e-12 GMRES its: 50 reason: -3 omega: 1.0 LS its: 0
 Time: 3.4444 It: 153 res: 5.2779e-12 norm res: 1.22428e-07 res wall: 1.32859e-11 res fluid: 5.16582e-12 res wake: 3.77667e-14 Cl: -2.61502e-12 Cd: 0.0114164 Cm: -3.27398e-13 Circulation: -1.25059e-12 GMRES its: 50 reason: -3 omega: 1.0 LS its: 0
 Time: 3.46707 It: 154 res: 4.5261e-12 norm res: 1.04989e-07 res wall: 1.14839e-11 res fluid: 4.42814e-12 res wake: 3.68571e-14 Cl: -2.29386e-12 Cd: 0.0114164 Cm: -5.46607e-13 Circulation: -1.07356e-12 GMRES its: 50 reason: -3 omega: 1.0 LS its: 0
 Time: 3.48974 It: 155 res: 4.14492e-12 norm res: 9.61471e-08 res wall: 1.34972e-11 res fluid: 3.98512e-12 res wake: 3.45083e-14 Cl: -2.0378e-12 Cd: 0.0114164 Cm: -6.80003e-13 Circulation: -9.47406e-13 GMRES its: 50 reason: -3 omega: 1.0 LS its: 0
 Time: 3.51163 It: 156 res: 3.99707e-12 norm res: 9.27174e-08 res wall: 1.62847e-11 res fluid: 3.74355e-12 res wake: 3.01957e-14 Cl: -1.81191e-12 Cd: 0.0114164 Cm: -7.49348e-13 Circulation: -8.4817e-13 GMRES its: 50 reason: -3 omega: 1.0 LS its: 0
 Time: 3.53422 It: 157 res: 3.95083e-12 norm res: 9.1645e-08 res wall: 1.85385e-11 res fluid: 3.60914e-12 res wake: 2.68988e-14 Cl: -1.57908e-12 Cd: 0.0114164 Cm: -7.72949e-13 Circulation: -7.50214e-13 GMRES its: 50 reason: -3 omega: 1.0 LS its: 0
 Time: 3.55628 It: 158 res: 3.91691e-12 norm res: 9.08581e-08 res wall: 1.99698e-11 res fluid: 3.5104e-12 res wake: 2.4344e-14 Cl: -1.29839e-12 Cd: 0.0114164 Cm: -7.69114e-13 Circulation: -6.27801e-13 GMRES its: 50 reason: -3 omega: 1.0 LS its: 0
 Time: 3.57806 It: 159 res: 3.84931e-12 norm res: 8.929e-08 res wall: 2.06013e-11 res fluid: 3.40471e-12 res wake: 2.17009e-14 Cl: -9.04981e-13 Cd: 0.0114164 Cm: -7.61674e-13 Circulation: -4.4395e-13 GMRES its: 50 reason: -3 omega: 1.0 LS its: 0
 Time: 3.60062 It: 160 res: 3.7315e-12 norm res: 8.65572e-08 res wall: 2.05499e-11 res fluid: 3.27239e-12 res wake: 1.84287e-14 Cl: -5.4038e-13 Cd: 0.0114164 Cm: -7.2235e-13 Circulation: -2.72512e-13 GMRES its: 50 reason: -3 omega: 1.0 LS its: 0
 Time: 3.62276 It: 161 res: 3.56328e-12 norm res: 8.26553e-08 res wall: 1.99548e-11 res fluid: 3.10831e-12 res wake: 1.64078e-14 Cl: -1.96424e-13 Cd: 0.0114164 Cm: -6.63231e-13 Circulation: -1.06868e-13 GMRES its: 50 reason: -3 omega: 1.0 LS its: 0
 Time: 3.64482 It: 162 res: 3.3522e-12 norm res: 7.77589e-08 res wall: 1.89495e-11 res fluid: 2.91519e-12 res wake: 1.26135e-14 Cl: 1.00366e-13 Cd: 0.0114164 Cm: -5.82185e-13 Circulation: 4.00427e-14 GMRES its: 50 reason: -3 omega: 1.0 LS its: 0
 Time: 3.66738 It: 163 res: 3.10855e-12 norm res: 7.21072e-08 res wall: 1.7651e-11 res fluid: 2.69926e-12 res wake: 1.18615e-14 Cl: 2.39756e-13 Cd: 0.0114164 Cm: -4.51904e-13 Circulation: 1.09729e-13 GMRES its: 50 reason: -3 omega: 1.0 LS its: 0
 Time: 3.6897 It: 164 res: 2.84304e-12 norm res: 6.59483e-08 res wall: 1.61582e-11 res fluid: 2.46794e-12 res wake: 1.17764e-14 Cl: 4.20716e-13 Cd: 0.0114164 Cm: -3.55486e-13 Circulation: 2.01989e-13 GMRES its: 50 reason: -3 omega: 1.0 LS its: 0
 Time: 3.71223 It: 165 res: 2.56657e-12 norm res: 5.9535e-08 res wall: 1.45591e-11 res fluid: 2.22937e-12 res wake: 9.76133e-15 Cl: 5.68582e-13 Cd: 0.0114164 Cm: -3.09806e-13 Circulation: 2.76479e-13 GMRES its: 50 reason: -3 omega: 1.0 LS its: 0
 Time: 3.73445 It: 166 res: 2.28797e-12 norm res: 5.30726e-08 res wall: 1.29218e-11 res fluid: 1.99029e-12 res wake: 8.32019e-15 Cl: 5.82093e-13 Cd: 0.0114164 Cm: -2.51841e-13 Circulation: 2.82131e-13 GMRES its: 50 reason: -3 omega: 1.0 LS its: 0
 Time: 3.75659 It: 167 res: 2.01428e-12 norm res: 4.6724e-08 res wall: 1.12986e-11 res fluid: 1.75615e-12 res wake: 7.60398e-15 Cl: 6.11899e-13 Cd: 0.0114164 Cm: -2.18183e-13 Circulation: 2.97569e-13 GMRES its: 50 reason: -3 omega: 1.0 LS its: 0
 Time: 3.77887 It: 168 res: 1.75123e-12 norm res: 4.06222e-08 res wall: 9.7305e-12 res fluid: 1.53148e-12 res wake: 8.43275e-15 Cl: 6.11079e-13 Cd: 0.0114164 Cm: -1.86697e-13 Circulation: 2.97755e-13 GMRES its: 50 reason: -3 omega: 1.0 LS its: 0
 Time: 3.80083 It: 169 res: 1.5033e-12 norm res: 3.48712e-08 res wall: 8.24792e-12 res fluid: 1.31987e-12 res wake: 9.76529e-15 Cl: 6.17483e-13 Cd: 0.0114164 Cm: -1.67555e-13 Circulation: 3.02473e-13 GMRES its: 50 reason: -3 omega: 1.0 LS its: 0
 Time: 3.82328 It: 170 res: 1.27378e-12 norm res: 2.95472e-08 res wall: 6.8725e-12 res fluid: 1.12401e-12 res wake: 7.87602e-15 Cl: 6.05821e-13 Cd: 0.0114164 Cm: -1.48223e-13 Circulation: 2.98037e-13 GMRES its: 50 reason: -3 omega: 1.0 LS its: 0
 Time: 3.84546 It: 171 res: 1.06486e-12 norm res: 2.47008e-08 res wall: 5.61766e-12 res fluid: 9.45705e-13 res wake: 5.9766e-15 Cl: 5.83287e-13 Cd: 0.0114164 Cm: -1.31074e-13 Circulation: 2.88527e-13 GMRES its: 50 reason: -3 omega: 1.0 LS its: 0
 Time: 3.86801 It: 172 res: 8.77808e-13 norm res: 2.0362e-08 res wall: 4.49039e-12 res fluid: 7.86031e-13 res wake: 6.52831e-15 Cl: 5.34305e-13 Cd: 0.0114164 Cm: -1.09174e-13 Circulation: 2.6489e-13 GMRES its: 50 reason: -3 omega: 1.0 LS its: 0
 Time: 3.89005 It: 173 res: 7.13273e-13 norm res: 1.65454e-08 res wall: 3.49329e-12 res fluid: 6.45506e-13 res wake: 7.67133e-15 Cl: 5.0001e-13 Cd: 0.0114164 Cm: -9.55173e-14 Circulation: 2.4887e-13 GMRES its: 50 reason: -3 omega: 1.0 LS its: 0
 Time: 3.91216 It: 174 res: 5.71517e-13 norm res: 1.32571e-08 res wall: 2.62654e-12 res fluid: 5.24293e-13 res wake: 7.20904e-15 Cl: 4.54563e-13 Cd: 0.0114164 Cm: -7.83301e-14 Circulation: 2.26577e-13 GMRES its: 50 reason: -3 omega: 1.0 LS its: 0
 Time: 3.93434 It: 175 res: 4.5261e-13 norm res: 1.04989e-08 res wall: 1.88935e-12 res fluid: 4.22328e-13 res wake: 7.82784e-15 Cl: 3.73708e-13 Cd: 0.0114164 Cm: -4.94062e-14 Circulation: 1.84967e-13 GMRES its: 50 reason: -3 omega: 1.0 LS its: 0
 Time: 3.95695 It: 176 res: 3.56676e-13 norm res: 8.27359e-09 res wall: 1.28446e-12 res fluid: 3.39453e-13 res wake: 7.66224e-15 Cl: 3.25507e-13 Cd: 0.0114164 Cm: -3.04843e-14 Circulation: 1.59828e-13 GMRES its: 50 reason: -3 omega: 1.0 LS its: 0
Mesh written to CGNS file: output/output_777.cgns
Solution output/output_777.cgns written with fields: res mach VelocityZ VelocityX VelocityY rho phi cp xElem yElem kuttaCell
total execution : 4.44982 seconds
